1748
27 L 0 201 1
0 L 5 184 1
1 L 5 81 1
9 L 5 184 1
0 L 5 299 1
10 L 3 397 1
13 L 3 375 1
25 L 3 293 1
26 L 3 210 1
13 L 3 35 1
25 L 3 398 1
25 L 3 47 1
18 L 2 205 1
26 L 5 225 1
2 L 4 163 1
3 L 4 17 1
5 L 4 200 1
8 L 4 126 1
12 L 4 52 1
15 L 4 304 1
16 L 4 81 1
19 L 4 78 1
23 L 4 396 1
2 L 4 172 1
3 L 4 104 1
15 L 4 34 1
16 L 4 192 1
16 L 4 154 1
16 D 2 81 1
16 D 2 192 1
16 D 2 154 1
0 L 4 162 1
25 L 0 168 1
16 L 4 361 1
26 D 1219 210 1
26 D 1219 225 1
6 L 6 142 1
14 L 6 375 1
17 L 6 61 1
20 L 6 300 1
21 L 6 223 1
22 L 6 345 1
24 L 6 181 1
22 L 6 360 1
7 L 8 67 1
9 L 8 5 1
2 L 3 163 1
15 L 3 153 1
11 L 9 234 1
28 L 9 116 1
27 L 9 235 1
10 L 8 22 1
13 L 8 131 1
1 L 6 191 1
22 D 787 345 1
22 D 787 360 1
23 L 6 81 1
3 L 6 104 1
3 L 6 104 1
8 L 0 272 1
5 L 7 97 1
19 L 7 97 1
7 L 7 392 1
25 D 780 293 1
7 L 7 111 1
25 D 780 398 1
25 D 780 47 1
25 D 780 168 1
6 L 4 26 1
14 L 4 214 1
6 L 4 126 1
6 L 4 288 1
12 L 2 158 1
15 L 4 17 1
15 L 4 96 1
4 L 1 349 1
29 L 1 28 1
23 D 303 396 1
23 D 303 81 1
0 L 2 358 1
26 L 8 283 1
24 L 9 26 1
24 L 9 106 1
18 L 6 122 1
18 L 6 378 1
21 L 1 363 1
17 L 5 184 1
20 L 3 346 1
22 L 0 348 1
3 D 1072 17 1
3 D 1072 104 1
3 D 1072 104 1
3 D 1072 104 1
6 D 1022 142 1
6 D 1022 26 1
6 D 1022 126 1
6 D 1022 288 1
17 L 3 283 1
17 L 3 372 1
11 L 3 285 1
16 L 8 21 1
16 L 8 112 1
16 L 8 268 1
2 L 6 241 1
10 L 0 114 1
10 L 0 276 1
15 D 227 304 1
15 D 227 34 1
15 D 227 153 1
15 D 227 17 1
15 D 227 96 1
7 L 4 382 1
22 L 5 196 1
14 L 6 111 1
3 L 4 15 1
3 L 4 283 1
27 L 7 105 1
28 L 0 50 1
28 L 0 242 1
15 L 6 219 1
14 D 989 375 1
14 D 989 214 1
14 D 989 111 1
17 L 2 384 1
25 L 6 163 1
11 L 4 26 1
8 L 9 128 1
29 L 6 45 1
29 L 6 192 1
9 L 9 227 1
19 L 6 114 1
0 L 4 230 1
2 D 1 163 1
2 D 1 172 1
2 D 1 163 1
2 D 1 241 1
11 D 167 234 1
24 L 3 264 1
11 D 167 285 1
11 D 167 26 1
7 D 855 67 1
7 D 855 392 1
7 D 855 111 1
7 D 855 382 1
22 L 4 262 1
6 L 9 235 1
27 D 305 201 1
27 D 305 235 1
20 L 6 126 1
27 D 305 105 1
23 L 2 166 1
23 L 2 384 1
13 L 6 290 1
12 L 9 386 1
1 L 8 125 1
15 L 4 394 1
20 D 652 300 1
20 D 652 346 1
20 D 652 126 1
18 D 664 205 1
18 D 664 122 1
18 D 664 378 1
2 L 6 362 1
2 L 6 255 1
5 L 1 54 1
14 L 1 348 1
23 D 180 166 1
23 D 180 384 1
29 L 4 162 1
26 L 9 223 1
0 L 6 317 1
9 L 1 28 1
10 L 9 25 1
10 L 9 386 1
6 L 4 78 1
6 L 4 213 1
25 L 9 337 1
11 L 0 269 1
4 L 7 289 1
22 D 46 348 1
16 D 727 361 1
22 D 46 196 1
16 D 727 21 1
22 D 46 262 1
16 D 727 112 1
6 D 297 235 1
16 D 727 268 1
6 D 297 78 1
6 D 297 213 1
3 L 8 41 1
7 L 0 262 1
8 L 5 184 1
23 L 0 133 1
19 L 3 233 1
18 L 8 67 1
24 D 286 181 1
24 D 286 26 1
24 D 286 106 1
24 D 286 264 1
28 D 240 116 1
28 D 240 50 1
28 D 240 242 1
26 L 4 352 1
21 L 2 384 1
12 L 3 218 1
17 D 572 61 1
17 D 572 184 1
17 D 572 283 1
4 L 0 383 1
17 D 572 372 1
17 D 572 384 1
22 L 0 278 1
27 L 9 235 1
7 L 3 80 1
7 L 3 149 1
7 L 3 190 1
8 L 2 189 1
13 D 377 375 1
13 D 377 35 1
13 D 377 131 1
13 D 377 290 1
23 L 3 110 1
15 L 1 172 1
19 L 4 352 1
29 D 845 28 1
29 D 845 45 1
29 D 845 192 1
29 D 845 162 1
5 D 843 200 1
5 D 843 97 1
5 D 843 54 1
20 L 7 98 1
20 L 7 145 1
13 L 3 380 1
25 D 127 163 1
1 L 4 375 1
25 D 127 337 1
19 D 591 78 1
19 D 591 97 1
19 D 591 114 1
19 D 591 233 1
10 D 18 397 1
19 D 591 352 1
10 D 18 22 1
18 L 7 253 1
6 L 6 399 1
10 D 18 114 1
18 L 7 299 1
10 D 18 276 1
10 D 18 25 1
10 D 18 386 1
12 D 1134 52 1
12 D 1134 158 1
12 D 1134 386 1
12 D 1134 218 1
22 L 3 282 1
4 D 1154 349 1
4 D 1154 289 1
4 D 1154 383 1
5 L 9 348 1
20 L 5 244 1
27 L 4 301 1
16 L 2 100 1
7 D 121 262 1
8 L 8 41 1
7 D 121 80 1
7 D 121 149 1
26 L 0 310 1
3 D 738 15 1
7 D 121 190 1
3 D 738 283 1
3 D 738 41 1
23 D 895 133 1
23 D 895 110 1
20 L 3 378 1
11 L 9 251 1
1 D 663 81 1
2 D 1088 362 1
1 D 663 191 1
2 D 1088 255 1
1 D 663 125 1
1 D 663 375 1
0 L 2 254 1
24 L 3 263 1
10 L 4 245 1
10 L 4 253 1
25 L 4 226 1
10 L 4 299 1
12 L 3 201 1
18 L 8 367 1
22 D 218 278 1
22 D 218 282 1
17 L 3 164 1
4 L 0 129 1
15 D 745 219 1
20 D 501 98 1
4 L 0 172 1
15 D 745 394 1
20 D 501 145 1
4 L 0 398 1
15 D 745 172 1
20 D 501 244 1
20 D 501 378 1
19 L 0 45 1
19 L 0 46 1
21 D 543 223 1
21 D 543 363 1
21 D 543 384 1
1 L 4 227 1
1 L 4 278 1
1 L 4 216 1
7 L 6 290 1
7 L 6 335 1
0 L 5 364 1
23 L 3 228 1
9 L 7 359 1
28 L 0 296 1
24 L 4 299 1
6 L 0 35 1
6 L 0 122 1
13 L 6 53 1
14 L 2 76 1
6 L 0 179 1
14 L 2 290 1
6 L 0 216 1
14 L 2 384 1
2 L 0 272 1
0 L 3 255 1
10 L 9 386 1
23 L 5 376 1
5 L 6 51 1
26 D 179 283 1
26 D 179 223 1
26 D 179 352 1
26 D 179 310 1
11 D 318 269 1
11 D 318 251 1
29 L 2 222 1
17 L 2 44 1
27 L 2 358 1
27 L 2 70 1
9 L 5 344 1
22 L 6 391 1
0 D 683 184 1
0 D 683 299 1
0 D 683 162 1
0 D 683 358 1
19 L 2 254 1
0 D 683 230 1
0 D 683 317 1
0 D 683 254 1
0 D 683 364 1
0 D 683 255 1
8 D 935 126 1
9 D 1229 184 1
28 L 7 392 1
8 D 935 272 1
9 D 1229 5 1
8 D 935 128 1
9 D 1229 227 1
8 D 935 184 1
9 D 1229 28 1
8 D 935 189 1
9 D 1229 359 1
8 D 935 41 1
9 D 1229 344 1
3 L 1 211 1
21 L 9 310 1
6 D 1207 399 1
6 D 1207 35 1
11 L 4 255 1
6 D 1207 122 1
11 L 4 288 1
6 D 1207 179 1
6 D 1207 216 1
15 L 3 387 1
17 L 8 67 1
4 L 8 125 1
24 L 7 97 1
28 L 3 21 1
1 L 2 384 1
9 L 3 153 1
25 L 8 41 1
18 L 4 86 1
8 L 3 201 1
8 L 3 228 1
7 L 3 167 1
5 D 551 348 1
5 D 551 51 1
22 L 4 81 1
22 L 4 129 1
10 L 3 50 1
10 L 3 181 1
2 L 6 288 1
23 L 6 122 1
15 L 0 179 1
12 L 1 28 1
0 L 9 369 1
22 D 461 391 1
22 D 461 81 1
22 D 461 129 1
19 L 4 114 1
28 D 742 296 1
28 D 742 392 1
28 D 742 21 1
24 D 789 263 1
9 L 4 394 1
24 D 789 299 1
24 D 789 97 1
27 D 126 235 1
23 D 887 228 1
27 D 126 301 1
23 D 887 376 1
27 D 126 358 1
23 D 887 122 1
27 D 126 70 1
16 L 1 28 1
13 D 30 380 1
13 D 30 53 1
8 L 4 123 1
6 L 3 64 1
11 L 6 8 1
25 L 7 119 1
9 D 956 153 1
9 D 956 394 1
23 L 6 142 1
27 L 4 86 1
29 L 9 35 1
27 L 4 139 1
29 L 9 300 1
10 D 1230 245 1
10 D 1230 253 1
21 L 3 121 1
10 D 1230 299 1
10 D 1230 386 1
10 D 1230 50 1
10 D 1230 181 1
7 D 459 290 1
7 D 459 335 1
7 D 459 167 1
20 L 1 370 1
6 L 7 392 1
5 L 3 224 1
18 D 971 67 1
18 D 971 253 1
18 D 971 299 1
14 D 657 348 1
18 D 971 367 1
14 D 657 76 1
18 D 971 86 1
14 D 657 290 1
2 L 4 96 1
14 D 657 384 1
13 L 3 118 1
8 D 804 201 1
8 D 804 228 1
26 L 6 43 1
8 D 804 123 1
19 D 315 45 1
19 D 315 46 1
19 D 315 254 1
19 D 315 114 1
28 L 3 350 1
1 D 802 227 1
17 D 463 164 1
1 D 802 278 1
17 D 463 44 1
1 D 802 216 1
17 D 463 67 1
1 D 802 384 1
15 L 4 218 1
4 D 1176 129 1
4 D 1176 172 1
4 D 1176 398 1
4 D 1176 125 1
15 D 1046 387 1
1 L 4 10 1
15 D 1046 179 1
1 L 4 149 1
15 D 1046 218 1
1 L 4 287 1
9 L 0 31 1
21 L 4 223 1
18 L 3 241 1
18 L 3 109 1
19 L 0 15 1
13 L 0 272 1
6 L 0 182 1
7 L 4 117 1
7 L 4 278 1
10 L 3 245 1
18 L 5 113 1
21 D 558 310 1
21 D 558 121 1
21 D 558 223 1
27 L 0 144 1
3 L 0 168 1
8 L 2 38 1
3 L 0 322 1
18 L 3 266 1
11 L 3 121 1
2 L 0 168 1
27 D 31 86 1
27 D 31 139 1
27 D 31 144 1
29 D 274 222 1
29 D 274 35 1
29 D 274 300 1
13 D 287 118 1
23 L 0 157 1
13 D 287 272 1
19 L 3 121 1
19 L 3 230 1
25 D 950 226 1
25 D 950 41 1
25 D 950 119 1
15 L 9 12 1
22 L 8 161 1
24 L 1 198 1
17 L 9 369 1
28 L 8 161 1
5 L 9 114 1
5 L 9 126 1
4 L 6 326 1
29 L 3 106 1
7 L 3 111 1
10 L 4 306 1
10 L 4 35 1
26 L 0 247 1
12 L 3 119 1
0 L 8 130 1
18 D 707 241 1
18 D 707 109 1
18 D 707 113 1
18 D 707 266 1
6 D 1222 64 1
6 D 1222 392 1
6 D 1222 182 1
14 L 3 96 1
4 D 1213 326 1
21 L 3 285 1
19 D 193 15 1
19 D 193 121 1
19 D 193 230 1
11 D 529 255 1
11 D 529 288 1
11 D 529 8 1
11 D 529 121 1
9 L 6 214 1
29 L 0 276 1
3 D 1121 211 1
16 L 0 168 1
3 D 1121 168 1
3 D 1121 322 1
1 L 1 28 1
2 D 951 272 1
2 D 951 288 1
2 D 951 96 1
23 D 352 142 1
2 D 951 168 1
23 D 352 157 1
12 L 0 296 1
20 L 5 113 1
29 L 5 286 1
4 L 4 52 1
4 L 4 149 1
10 L 6 89 1
4 L 4 210 1
4 L 4 243 1
13 L 6 175 1
26 D 50 43 1
26 D 50 247 1
22 L 3 126 1
28 D 1100 350 1
28 D 1100 161 1
18 L 2 166 1
16 D 594 100 1
16 D 594 28 1
16 D 594 168 1
7 L 8 125 1
19 L 7 17 1
27 L 8 41 1
19 L 7 194 1
6 L 2 56 1
11 L 0 16 1
15 L 3 13 1
11 L 0 26 1
15 L 3 264 1
23 L 5 122 1
17 L 3 380 1
4 D 156 52 1
4 D 156 149 1
4 D 156 210 1
4 D 156 243 1
0 L 5 183 1
5 D 392 224 1
5 D 392 114 1
5 D 392 126 1
22 L 7 236 1
26 L 6 79 1
25 L 7 105 1
17 D 1007 369 1
8 L 9 58 1
17 D 1007 380 1
21 L 8 355 1
19 D 369 17 1
23 L 0 168 1
19 D 369 194 1
20 L 4 189 1
2 L 3 136 1
2 L 3 153 1
2 L 3 192 1
18 L 5 350 1
16 L 3 110 1
12 D 212 201 1
12 D 212 28 1
12 D 212 119 1
3 L 9 65 1
12 D 212 296 1
3 L 9 188 1
5 L 7 220 1
5 L 7 270 1
29 D 580 106 1
29 D 580 276 1
6 L 5 396 1
29 D 580 286 1
20 D 44 370 1
20 D 44 113 1
20 D 44 189 1
18 D 1119 166 1
18 D 1119 350 1
27 L 7 156 1
27 L 7 293 1
17 L 5 117 1
2 D 1195 136 1
2 D 1195 153 1
23 L 5 204 1
2 D 1195 192 1
23 L 5 278 1
27 D 90 41 1
27 D 90 156 1
27 D 90 293 1
15 D 794 12 1
15 D 794 13 1
16 L 7 359 1
15 D 794 264 1
12 L 3 214 1
6 D 912 56 1
18 L 3 119 1
6 D 912 396 1
18 L 3 299 1
18 L 3 361 1
24 L 5 26 1
5 D 929 220 1
5 D 929 270 1
13 L 9 386 1
9 L 7 145 1
18 D 925 119 1
18 D 925 299 1
18 D 925 361 1
10 D 1133 245 1
27 L 3 2 1
10 D 1133 306 1
23 D 870 122 1
27 L 3 154 1
10 D 1133 35 1
23 D 870 168 1
10 D 1133 89 1
23 D 870 204 1
23 D 870 278 1
17 L 0 120 1
26 L 4 156 1
10 L 3 27 1
12 L 7 332 1
0 D 35 369 1
0 D 35 130 1
0 D 35 183 1
14 L 1 171 1
2 L 7 2 1
11 L 8 41 1
16 D 465 110 1
16 D 465 359 1
6 L 4 164 1
9 L 3 191 1
23 L 5 172 1
23 L 5 196 1
27 D 1191 2 1
23 L 5 200 1
27 D 1191 154 1
23 L 5 344 1
15 L 0 219 1
5 L 8 41 1
24 L 2 222 1
23 D 936 172 1
23 D 936 196 1
23 D 936 200 1
23 D 936 344 1
7 D 944 117 1
7 D 944 278 1
7 D 944 111 1
7 D 944 125 1
22 D 24 161 1
22 D 24 126 1
21 D 992 285 1
22 D 24 236 1
21 D 992 355 1
29 L 6 129 1
23 L 3 138 1
23 L 3 153 1
10 L 0 396 1
20 L 2 85 1
19 L 9 116 1
12 D 203 214 1
12 D 203 332 1
26 L 9 299 1
3 L 5 376 1
28 L 1 83 1
28 L 1 175 1
27 L 4 21 1
1 L 7 145 1
4 L 8 5 1
25 L 6 107 1
0 L 4 86 1
17 L 4 162 1
28 D 908 83 1
10 L 5 62 1
28 D 908 175 1
13 D 245 175 1
22 L 4 76 1
12 L 3 138 1
13 D 245 386 1
10 D 678 27 1
23 L 2 334 1
10 D 678 396 1
10 D 678 62 1
7 L 3 83 1
7 L 3 154 1
7 L 3 210 1
9 D 1147 31 1
9 D 1147 214 1
9 D 1147 145 1
9 D 1147 191 1
24 D 820 198 1
24 D 820 26 1
24 D 820 222 1
7 D 635 83 1
7 D 635 154 1
7 D 635 210 1
27 L 3 36 1
18 L 6 263 1
8 D 237 38 1
8 D 237 58 1
3 D 1087 65 1
3 D 1087 188 1
3 D 1087 376 1
15 L 6 362 1
9 L 6 107 1
12 L 2 158 1
3 L 4 129 1
6 L 1 338 1
3 L 4 246 1
3 L 4 327 1
2 L 9 58 1
11 D 8 16 1
11 D 8 26 1
11 D 8 41 1
0 L 6 107 1
1 D 1199 10 1
16 L 6 138 1
1 D 1199 149 1
16 L 6 259 1
1 D 1199 287 1
16 L 6 343 1
27 L 7 105 1
1 D 1199 28 1
1 D 1199 145 1
29 L 0 140 1
17 L 0 208 1
17 L 0 216 1
24 L 0 199 1
26 L 3 380 1
24 L 0 243 1
19 L 5 196 1
22 L 7 320 1
4 L 0 149 1
3 D 309 129 1
3 D 309 246 1
25 D 1082 105 1
3 D 309 327 1
25 D 1082 107 1
19 L 3 288 1
14 L 3 322 1
28 L 6 51 1
12 L 3 253 1
21 L 1 349 1
27 D 26 21 1
27 D 26 36 1
27 D 26 105 1
19 D 916 116 1
19 D 916 196 1
17 D 527 117 1
19 D 916 288 1
17 D 527 120 1
17 D 527 162 1
17 D 527 208 1
14 D 696 96 1
17 D 527 216 1
14 D 696 171 1
14 D 696 322 1
4 L 5 232 1
4 L 5 376 1
20 L 6 365 1
12 L 5 266 1
18 L 9 303 1
11 L 2 158 1
1 L 6 60 1
5 L 6 195 1
10 L 9 14 1
22 D 1182 76 1
4 D 1011 5 1
22 D 1182 320 1
4 D 1011 149 1
4 D 1011 232 1
4 D 1011 376 1
3 L 6 48 1
26 D 559 79 1
14 L 4 185 1
26 D 559 156 1
26 D 559 299 1
26 D 559 380 1
9 L 5 266 1
0 D 379 86 1
15 D 390 219 1
0 D 379 107 1
15 D 390 362 1
16 L 1 370 1
12 L 2 358 1
28 L 4 192 1
29 L 6 398 1
22 L 4 35 1
22 L 4 227 1
22 L 4 270 1
22 L 4 360 1
4 L 5 71 1
11 L 3 346 1
24 L 8 312 1
2 L 0 182 1
5 D 1208 41 1
5 D 1208 195 1
21 L 9 369 1
17 L 7 126 1
4 L 3 111 1
25 L 6 90 1
6 D 524 164 1
6 D 524 338 1
7 L 1 39 1
29 D 953 129 1
29 D 953 140 1
29 D 953 398 1
19 L 9 337 1
22 D 356 35 1
22 D 356 227 1
22 D 356 270 1
22 D 356 360 1
9 D 171 107 1
9 D 171 266 1
1 L 4 162 1
8 L 9 58 1
14 L 5 244 1
13 L 8 125 1
9 L 4 230 1
5 L 4 262 1
18 D 1098 263 1
18 D 1098 303 1
23 L 1 349 1
12 D 445 138 1
12 D 445 158 1
12 D 445 253 1
12 D 445 266 1
12 D 445 358 1
2 D 387 2 1
2 D 387 58 1
2 D 387 182 1
10 L 3 233 1
20 D 892 85 1
20 D 892 365 1
28 L 0 296 1
29 L 4 45 1
17 L 8 161 1
26 L 5 348 1
16 D 689 138 1
16 D 689 259 1
16 D 689 343 1
22 L 9 25 1
16 D 689 370 1
0 L 6 47 1
0 L 6 115 1
0 L 6 126 1
0 L 6 136 1
0 L 6 216 1
10 L 5 376 1
12 L 3 45 1
12 L 3 228 1
15 L 8 5 1
27 L 1 61 1
25 L 4 114 1
25 L 4 360 1
25 L 4 398 1
6 L 7 93 1
9 L 3 301 1
16 L 6 90 1
16 L 6 327 1
16 L 6 328 1
20 L 3 233 1
13 L 7 145 1
3 L 7 68 1
11 L 6 399 1
21 L 3 380 1
5 L 5 263 1
1 L 0 276 1
25 D 993 90 1
25 D 993 114 1
25 D 993 360 1
25 D 993 398 1
2 L 8 125 1
6 L 5 244 1
19 L 6 348 1
19 L 6 371 1
10 D 888 14 1
21 D 564 349 1
10 D 888 233 1
21 D 564 369 1
10 D 888 376 1
21 D 564 380 1
16 D 938 90 1
16 D 938 327 1
16 D 938 328 1
22 L 4 115 1
22 L 4 167 1
22 L 4 283 1
29 L 5 71 1
12 L 0 269 1
18 L 5 1 1
29 L 3 282 1
14 L 9 265 1
28 L 4 300 1
20 L 4 239 1
24 D 619 199 1
24 D 619 243 1
24 D 619 312 1
17 L 3 346 1
19 D 378 337 1
19 D 378 348 1
19 D 378 371 1
22 D 1009 25 1
22 D 1009 115 1
22 D 1009 167 1
5 D 1186 262 1
22 D 1009 283 1
5 D 1186 263 1
8 L 0 104 1
18 L 0 73 1
13 L 8 257 1
0 L 9 304 1
25 L 7 237 1
25 L 7 259 1
4 L 1 333 1
28 D 118 51 1
28 D 118 192 1
28 D 118 296 1
28 D 118 300 1
8 L 5 196 1
29 L 4 352 1
17 L 0 62 1
7 L 0 278 1
25 L 2 388 1
23 D 496 138 1
23 D 496 153 1
1 L 6 382 1
23 D 496 334 1
23 D 496 349 1
12 D 756 45 1
12 D 756 228 1
12 D 756 269 1
8 L 0 219 1
29 D 1081 45 1
29 D 1081 71 1
29 D 1081 282 1
29 D 1081 352 1
1 D 1216 60 1
1 D 1216 162 1
17 D 999 126 1
1 D 1216 276 1
17 D 999 161 1
1 D 1216 382 1
3 L 6 278 1
17 D 999 346 1
17 D 999 62 1
26 L 1 356 1
13 L 3 398 1
0 D 220 47 1
0 D 220 115 1
0 D 220 126 1
14 L 5 344 1
0 D 220 136 1
0 D 220 216 1
0 D 220 304 1
25 L 3 76 1
25 L 3 225 1
25 L 3 290 1
9 L 1 356 1
8 D 455 58 1
8 D 455 104 1
8 D 455 196 1
8 D 455 219 1
11 D 748 158 1
11 D 748 346 1
11 D 748 399 1
15 L 6 107 1
27 L 7 97 1
2 L 9 160 1
14 D 1248 185 1
14 D 1248 244 1
14 D 1248 265 1
14 D 1248 344 1
20 L 8 312 1
3 D 666 48 1
3 D 666 68 1
3 D 666 278 1
18 L 9 96 1
18 L 9 201 1
6 L 1 325 1
13 D 730 125 1
13 D 730 145 1
13 D 730 257 1
13 D 730 398 1
7 L 6 362 1
25 L 4 32 1
4 D 400 71 1
4 D 400 111 1
4 D 400 333 1
18 D 868 1 1
18 D 868 73 1
18 D 868 96 1
18 D 868 201 1
15 L 4 122 1
6 D 327 93 1
6 D 327 244 1
6 D 327 325 1
7 D 954 39 1
15 D 511 5 1
7 D 954 278 1
15 D 511 107 1
7 D 954 362 1
15 D 511 122 1
2 L 3 197 1
2 L 5 376 1
9 D 519 230 1
9 D 519 301 1
9 D 519 356 1
26 D 521 348 1
26 D 521 356 1
2 D 1067 125 1
2 D 1067 160 1
2 D 1067 197 1
2 D 1067 376 1
20 D 1063 233 1
20 D 1063 239 1
20 D 1063 312 1
25 L 8 130 1
27 L 1 187 1
27 D 570 61 1
27 D 570 97 1
27 D 570 187 1
25 L 0 35 1
25 L 8 67 1
25 L 3 94 1
25 L 3 159 1
25 L 5 244 1
25 L 2 254 1
25 L 0 57 1
25 L 1 198 1
25 L 6 231 1
25 L 7 46 1
25 L 4 86 1
25 L 6 142 1
25 L 6 51 1
25 L 4 270 1
25 L 4 317 1
25 L 3 121 1
25 L 1 261 1
25 L 5 278 1
25 L 5 375 1
25 L 9 160 1
25 L 4 227 1
25 L 6 238 1
25 L 2 56 1
25 L 5 236 1
25 L 3 287 1
25 L 1 389 1
25 L 3 126 1
25 L 3 221 1
25 L 3 326 1
25 L 3 27 1
25 L 4 35 1
25 L 4 132 1
25 L 2 7 1
25 L 3 154 1
25 L 1 316 1
25 L 3 26 1
25 L 3 106 1
25 L 3 214 1
25 L 2 384 1
25 L 1 24 1
25 L 1 149 1
25 L 5 183 1
25 L 1 206 1
25 L 3 64 1
25 L 3 278 1
25 L 3 283 1
25 L 5 376 1
25 L 3 26 1
25 L 1 28 1
25 L 3 120 1
25 L 3 186 1
25 L 9 45 1
25 L 8 315 1
25 L 9 383 1
25 L 3 27 1
25 L 3 112 1
25 L 0 168 1
25 L 3 372 1
25 L 3 397 1
25 L 9 52 1
25 L 9 95 1
25 L 0 247 1
25 L 9 348 1
25 L 0 92 1
25 L 6 195 1
25 L 9 235 1
25 L 3 126 1
25 L 3 199 1
25 L 3 221 1
25 L 9 251 1
25 L 5 21 1
25 L 3 63 1
25 L 3 127 1
25 L 3 328 1
25 L 0 73 1
25 L 3 164 1
25 L 9 303 1
25 L 6 40 1
25 L 4 155 1
25 L 6 287 1
25 L 6 142 1
25 L 0 189 1
25 L 0 206 1
25 L 1 211 1
25 L 0 342 1
25 L 3 50 1
25 L 3 96 1
25 L 3 245 1
25 L 4 273 1
25 L 3 299 1
25 L 0 83 1
25 L 5 184 1
25 L 0 243 1
25 L 7 289 1
25 L 0 385 1
25 L 1 54 1
25 L 3 132 1
25 L 3 149 1
25 L 3 189 1
25 L 8 41 1
25 L 0 70 1
25 L 0 104 1
25 L 0 375 1
25 L 9 303 1
25 L 2 319 1
25 L 3 361 1
25 L 7 68 1
25 L 9 76 1
25 L 5 286 1
25 L 9 359 1
25 L 5 364 1
25 L 8 67 1
25 L 5 230 1
25 L 6 362 1
25 L 3 398 1
25 L 9 32 1
25 L 0 92 1
25 L 9 191 1
25 L 0 276 1
25 L 0 31 1
25 L 4 350 1
25 L 3 391 1
25 L 2 7 1
25 L 8 22 1
25 L 0 182 1
25 L 7 188 1
25 L 9 77 1
25 L 5 232 1
25 L 8 315 1
25 L 6 32 1
25 L 3 153 1
25 L 4 241 1
25 L 4 352 1
25 L 0 83 1
25 L 7 97 1
25 L 0 181 1
25 L 0 253 1
25 L 9 386 1
25 L 6 15 1
25 L 7 105 1
25 L 6 191 1
25 L 0 247 1
25 L 0 32 1
25 L 0 215 1
25 L 3 233 1
25 L 6 399 1
25 L 4 86 1
25 L 3 181 1
25 L 3 290 1
25 L 3 328 1
25 L 5 339 1
25 L 6 242 1
25 L 6 297 1
25 L 1 370 1
25 L 0 73 1
25 L 3 149 1
25 L 0 157 1
25 L 0 182 1
25 L 3 208 1
25 L 3 239 1
25 L 5 286 1
25 L 2 49 1
25 L 7 149 1
25 L 1 261 1
25 L 9 62 1
25 L 1 211 1
25 L 9 235 1
25 L 9 241 1
25 L 9 347 1
25 L 5 52 1
25 L 5 196 1
25 L 5 201 1
25 L 5 244 1
25 L 5 300 1
25 L 5 75 1
25 L 5 184 1
25 L 9 265 1
25 L 7 289 1
25 L 0 73 1
25 L 3 80 1
25 L 3 169 1
25 L 3 228 1
25 L 1 54 1
25 L 6 186 1
25 L 7 289 1
25 L 5 339 1
25 L 2 7 1
25 L 3 88 1
25 L 3 129 1
25 L 4 162 1
25 L 1 370 1
25 L 2 84 1
25 L 0 186 1
25 L 0 199 1
25 L 1 211 1
25 L 4 78 1
25 L 0 272 1
25 L 0 296 1
25 L 7 392 1
25 L 4 394 1
25 L 2 74 1
25 L 8 115 1
25 L 7 220 1
25 L 0 249 1
25 L 8 287 1
25 L 1 28 1
25 L 6 174 1
25 L 3 346 1
25 L 9 369 1
25 L 1 54 1
25 L 2 109 1
25 L 2 127 1
25 L 0 104 1
25 L 0 119 1
25 L 3 233 1
25 L 0 348 1
25 L 8 267 1
25 L 4 350 1
25 L 1 370 1
25 L 3 65 1
25 L 8 66 1
25 L 3 76 1
25 L 3 278 1
25 L 8 41 1
25 L 3 60 1
25 L 3 123 1
25 L 3 300 1
25 L 5 364 1
25 L 9 12 1
25 L 3 159 1
25 L 8 355 1
25 L 9 128 1
25 L 8 130 1
25 L 5 149 1
25 L 5 186 1
25 L 0 50 1
25 L 3 153 1
25 L 9 160 1
25 L 0 168 1
25 L 3 372 1
25 L 4 10 1
25 L 3 18 1
25 L 3 372 1
25 L 3 10 1
25 L 9 58 1
25 L 3 390 1
25 L 3 96 1
25 L 1 171 1
25 L 4 273 1
25 L 3 301 1
25 L 3 63 1
25 L 7 68 1
25 L 3 83 1
25 L 3 275 1
25 L 9 353 1
25 L 7 63 1
25 L 7 68 1
25 L 7 241 1
25 L 7 330 1
25 L 3 372 1
25 L 5 376 1
25 L 6 34 1
25 L 6 335 1
25 L 2 388 1
25 L 5 45 1
25 L 5 76 1
25 L 7 145 1
25 L 5 203 1
25 L 5 212 1
25 L 5 215 1
25 L 0 247 1
25 L 4 62 1
25 L 4 117 1
25 L 3 121 1
25 L 6 195 1
25 L 2 384 1
25 L 1 54 1
25 L 9 58 1
25 L 7 145 1
25 L 6 154 1
25 L 6 375 1
25 L 4 2 1
25 L 7 19 1
25 L 4 236 1
25 L 9 116 1
25 L 0 157 1
25 L 6 274 1
25 L 7 220 1
25 L 7 220 1
25 L 4 371 1
25 L 4 397 1
25 L 4 76 1
25 L 4 278 1
25 L 4 322 1
25 L 6 335 1
25 L 5 71 1
25 L 3 80 1
25 L 3 81 1
25 L 3 104 1
25 L 5 137 1
25 L 3 149 1
25 L 3 375 1
25 L 6 90 1
25 L 7 167 1
25 L 7 246 1
25 L 9 251 1
25 L 4 283 1
25 L 4 293 1
25 L 5 364 1
25 L 0 373 1
25 L 5 8 1
25 L 5 15 1
25 L 0 33 1
25 L 5 88 1
25 L 5 95 1
25 L 5 71 1
25 L 1 163 1
25 L 1 199 1
25 L 4 306 1
25 L 5 364 1
25 L 1 147 1
25 L 3 199 1
25 L 3 380 1
25 L 5 71 1
25 L 6 167 1
25 L 6 301 1
25 L 6 375 1
25 L 8 22 1
25 L 4 149 1
25 L 4 178 1
25 L 2 302 1
25 L 3 173 1
25 L 3 287 1
25 L 2 309 1
25 L 4 155 1
25 L 3 224 1
25 L 4 252 1
25 L 4 278 1
25 L 3 136 1
25 L 3 253 1
25 L 0 294 1
25 L 0 373 1
25 L 6 142 1
25 L 6 231 1
25 L 3 375 1
25 L 3 396 1
25 L 3 224 1
25 L 5 278 1
25 L 5 330 1
25 L 5 357 1
25 L 6 16 1
25 L 6 26 1
25 L 0 72 1
25 L 7 108 1
25 L 6 268 1
25 L 4 78 1
25 L 2 136 1
25 L 2 371 1
25 L 3 380 1
25 L 4 129 1
25 L 0 168 1
25 L 4 204 1
25 L 4 270 1
25 L 4 299 1
25 L 8 66 1
25 L 4 78 1
25 L 3 372 1
25 L 6 399 1
25 L 1 54 1
25 L 0 73 1
25 L 7 105 1
25 L 3 159 1
25 L 4 185 1
25 L 3 50 1
25 L 3 85 1
25 L 3 114 1
25 L 3 153 1
25 L 5 210 1
25 L 6 53 1
25 L 3 260 1
25 L 3 283 1
25 L 7 289 1
25 L 4 78 1
25 L 0 263 1
25 L 0 325 1
25 L 6 335 1
25 L 2 16 1
25 L 0 31 1
25 L 5 113 1
25 L 2 221 1
25 L 8 66 1
25 L 7 105 1
25 L 6 219 1
25 L 6 383 1
25 L 2 49 1
25 L 0 92 1
25 L 0 168 1
25 L 5 183 1
25 L 4 77 1
25 L 7 145 1
25 L 6 215 1
25 L 6 248 1
25 L 2 334 1
25 L 6 371 1
25 L 7 392 1
25 L 1 54 1
25 L 0 182 1
25 L 0 247 1
25 L 9 369 1
25 L 6 399 1
25 L 4 59 1
25 L 2 84 1
25 L 4 124 1
25 L 7 134 1
25 L 7 63 1
25 L 7 146 1
25 L 2 291 1
25 L 7 375 1
25 L 9 386 1
25 L 3 15 1
25 L 3 96 1
25 L 3 106 1
25 L 3 159 1
25 L 3 208 1
25 L 2 55 1
25 L 0 179 1
25 L 4 215 1
25 L 4 299 1
25 L 7 392 1
25 L 4 398 1
25 L 2 49 1
25 L 2 222 1
25 L 3 328 1
25 L 3 26 1
25 L 6 53 1
25 L 5 183 1
25 L 7 266 1
25 L 7 332 1
25 L 0 57 1
25 L 7 68 1
25 L 0 157 1
25 L 0 296 1
25 L 6 85 1
25 L 3 233 1
25 L 6 323 1
25 L 0 52 1
25 L 0 143 1
25 L 0 168 1
25 L 9 353 1
25 L 5 149 1
25 L 4 162 1
25 L 5 164 1
25 L 0 168 1
25 L 5 390 1
25 L 4 278 1
25 L 4 314 1
25 L 2 334 1
25 L 4 350 1
25 L 4 397 1
25 L 5 138 1
25 L 5 221 1
25 L 5 286 1
25 L 9 353 1
25 L 1 211 1
25 L 8 257 1
25 L 2 384 1
25 L 5 395 1
25 L 3 135 1
25 L 9 160 1
25 L 4 394 1
25 L 7 19 1
25 L 3 83 1
25 L 6 90 1
25 L 3 218 1
25 L 3 18 1
25 L 5 281 1
25 L 5 297 1
25 L 6 399 1
25 L 1 28 1
25 L 3 153 1
25 L 9 164 1
25 L 0 168 1
25 L 9 299 1
25 L 9 360 1
25 L 2 384 1
25 L 4 17 1
25 L 4 111 1
25 L 9 241 1
25 L 4 396 1
25 L 8 66 1
25 L 9 189 1
25 L 9 216 1
25 L 1 338 1
25 L 5 221 1
25 L 9 235 1
25 L 0 277 1
25 L 9 369 1
25 L 4 200 1
25 L 6 274 1
25 L 7 332 1
25 L 4 375 1
25 L 5 15 1
25 L 5 40 1
25 L 8 258 1
25 L 0 385 1
25 L 4 151 1
25 L 4 239 1
25 L 4 343 1
25 L 6 17 1
25 L 9 303 1
25 L 6 305 1
25 L 6 391 1
25 L 3 104 1
25 L 8 161 1
25 L 3 243 1
25 L 9 337 1
25 L 4 229 1
25 L 4 278 1
25 L 5 286 1
25 L 3 380 1
25 L 0 35 1
25 L 0 35 1
25 L 0 150 1
25 L 0 371 1
25 L 7 392 1
25 L 7 237 1
25 L 2 309 1
25 L 3 372 1
25 L 0 373 1
25 L 8 165 1
25 L 5 237 1
25 L 5 288 1
25 L 6 399 1
25 L 5 111 1
25 L 3 121 1
25 L 9 251 1
25 L 3 311 1
25 L 6 399 1
25 L 5 71 1
25 L 7 97 1
25 L 5 136 1
25 L 5 242 1
25 L 9 83 1
25 L 7 97 1
25 L 9 132 1
25 L 4 139 1
25 L 9 287 1
25 L 7 81 1
25 L 7 150 1
25 L 0 168 1
25 L 3 380 1
25 L 9 29 1
25 L 6 79 1
25 L 3 80 1
25 L 8 161 1
25 L 9 369 1
25 L 3 372 1
25 L 3 10 1
25 L 0 92 1
25 L 3 282 1
25 L 3 342 1
25 L 3 360 1
25 L 6 51 1
25 L 1 147 1
25 L 9 207 1
25 L 7 220 1
25 L 4 11 1
25 L 3 35 1
25 L 3 94 1
25 L 3 178 1
25 L 3 268 1
25 L 2 132 1
25 L 7 145 1
25 L 3 153 1
25 L 2 199 1
25 L 6 335 1
25 L 1 32 1
25 L 2 56 1
25 L 5 184 1
25 L 1 227 1
25 L 1 350 1
25 L 3 50 1
25 L 3 241 1
25 L 7 289 1
25 L 1 333 1
25 L 1 370 1
25 L 7 97 1
25 L 3 242 1
25 L 6 362 1
25 L 7 109 1
25 L 7 220 1
25 L 3 278 1
25 L 3 304 1
25 L 1 356 1
25 L 5 36 1
25 L 1 54 1
25 L 3 233 1
25 L 5 285 1
25 L 1 28 1
25 L 2 30 1
25 L 8 41 1
25 L 1 316 1
25 L 9 14 1
25 L 0 76 1
25 L 6 90 1
25 L 0 129 1
25 L 6 46 1
25 L 6 96 1
25 L 7 220 1
25 L 9 337 1
25 L 7 219 1
25 L 7 289 1
25 L 7 326 1
25 L 7 398 1
25 L 5 40 1
25 L 2 166 1
25 L 4 273 1
25 L 0 35 1
25 L 0 60 1
25 L 0 63 1
25 L 4 78 1
25 L 0 149 1
25 L 0 259 1
25 L 4 306 1
25 L 6 127 1
25 L 8 130 1
25 L 6 152 1
25 L 9 14 1
25 L 3 202 1
25 L 3 375 1
25 L 3 375 1
25 L 6 90 1
25 L 9 160 1
25 L 0 327 1
25 L 2 30 1
25 L 2 87 1
25 L 4 243 1
25 L 9 12 1
25 L 3 129 1
25 L 3 136 1
25 L 3 371 1
25 L 6 142 1
25 L 1 198 1
25 L 2 384 1
25 L 7 392 1
25 L 9 396 1
25 L 8 64 1
25 L 8 230 1
25 L 8 287 1
25 L 8 340 1
25 L 8 397 1
25 L 4 17 1
25 L 7 93 1
25 L 4 181 1
25 L 4 218 1
25 L 0 276 1
25 L 4 50 1
25 L 6 53 1
25 L 4 146 1
25 L 6 231 1
25 L 4 292 1
25 L 4 299 1
25 L 3 304 1
25 L 4 15 1
25 L 4 205 1
25 L 4 378 1
25 L 9 379 1
25 L 8 41 1
25 L 6 107 1
25 L 0 182 1
25 L 9 241 1
25 L 3 186 1
25 L 3 186 1
25 L 5 196 1
