4471
2 L 0 908 1
4 L 0 1327 1
7 L 0 1962 1
8 L 0 1762 1
13 L 0 56 1
15 L 0 564 1
20 L 0 1643 1
21 L 0 1328 1
24 L 0 1508 1
13 L 0 1203 1
15 L 0 975 1
24 L 0 1653 1
14 L 1 484 1
14 L 1 531 1
10 L 14 1843 1
10 L 14 1958 1
0 L 4 992 1
3 L 4 591 1
6 L 4 1606 1
17 L 4 1270 1
19 L 4 413 1
22 L 4 558 1
26 L 4 142 1
28 L 4 1125 1
3 L 4 1836 1
8 L 4 508 1
17 L 4 1329 1
19 L 4 1547 1
22 L 4 1791 1
3 L 4 852 1
8 L 4 1300 1
19 L 4 1764 1
3 L 4 1173 1
27 L 6 18 1
27 L 6 1002 1
1 L 11 465 1
11 L 11 1406 1
12 L 11 669 1
12 L 11 159 1
12 L 11 1554 1
15 L 11 1285 1
5 L 10 1969 1
4 L 10 1590 1
9 L 8 1220 1
23 L 8 991 1
7 L 8 1029 1
7 L 8 1101 1
6 L 11 1441 1
26 L 11 1165 1
6 L 11 1764 1
25 L 15 1197 1
18 L 7 629 1
29 L 7 1410 1
13 L 15 189 1
18 L 7 926 1
24 L 15 420 1
13 L 15 1860 1
18 L 7 1969 1
21 L 3 392 1
21 L 3 549 1
16 L 9 372 1
16 L 9 1177 1
12 D 761 669 1
12 D 761 159 1
12 D 761 1554 1
14 L 4 971 1
10 L 8 586 1
20 L 12 31 1
20 L 12 841 1
0 L 15 989 1
0 L 15 1061 1
19 L 0 28 1
3 L 0 45 1
19 L 0 1355 1
3 L 0 852 1
15 D 649 564 1
3 L 0 1034 1
15 D 649 975 1
15 D 649 1285 1
26 L 4 1825 1
29 L 4 1666 1
18 L 4 1359 1
18 L 4 1864 1
8 L 3 725 1
2 L 2 1057 1
17 L 1 21 1
17 L 1 1328 1
8 L 9 1090 1
22 L 8 637 1
29 D 731 1410 1
29 D 731 1666 1
6 L 10 104 1
6 L 10 429 1
15 L 0 101 1
15 L 0 1617 1
25 L 4 1024 1
15 L 0 488 1
25 L 4 1499 1
25 L 4 1713 1
10 L 15 640 1
18 D 213 629 1
18 D 213 926 1
18 D 213 1969 1
18 D 213 1359 1
18 D 213 1864 1
14 D 171 484 1
26 D 288 142 1
14 D 171 531 1
26 D 288 1165 1
14 D 171 971 1
26 D 288 1825 1
24 D 858 1508 1
24 D 858 1653 1
13 D 429 56 1
24 D 858 420 1
13 D 429 1203 1
13 D 429 189 1
13 D 429 1860 1
3 D 367 591 1
15 L 5 588 1
3 D 367 1836 1
3 D 367 852 1
3 D 367 1173 1
3 D 367 45 1
3 D 367 852 1
3 D 367 1034 1
1 L 1 1335 1
23 L 0 647 1
23 L 0 1348 1
21 D 295 1328 1
21 D 295 392 1
7 D 675 1962 1
12 L 7 1106 1
21 D 295 549 1
7 D 675 1029 1
12 L 7 1972 1
7 D 675 1101 1
28 L 2 375 1
28 L 2 1491 1
17 D 634 1270 1
17 D 634 1329 1
11 L 8 149 1
17 D 634 21 1
11 L 8 719 1
17 D 634 1328 1
12 D 887 1106 1
12 D 887 1972 1
19 D 786 413 1
19 D 786 1547 1
19 D 786 1764 1
19 D 786 28 1
19 D 786 1355 1
25 D 873 1197 1
25 D 873 1024 1
25 D 873 1499 1
25 D 873 1713 1
10 L 8 1706 1
9 L 11 512 1
27 L 11 725 1
27 L 11 1009 1
15 D 520 101 1
15 D 520 1617 1
15 D 520 488 1
21 L 4 808 1
15 D 520 588 1
16 L 11 1052 1
0 L 0 137 1
5 L 15 1854 1
24 L 14 488 1
24 L 14 901 1
6 D 216 1606 1
6 D 216 1441 1
8 D 681 1762 1
6 D 216 1764 1
8 D 681 508 1
6 D 216 104 1
8 D 681 1300 1
6 D 216 429 1
8 D 681 725 1
19 L 7 1024 1
8 D 681 1090 1
19 L 7 1230 1
19 L 7 1601 1
20 L 0 1087 1
29 L 0 1005 1
4 L 8 919 1
4 L 8 1699 1
14 L 15 1234 1
22 D 530 558 1
22 D 530 1791 1
22 D 530 637 1
18 L 0 534 1
18 L 0 1433 1
13 L 10 448 1
18 L 0 1530 1
25 L 4 1962 1
13 L 10 1304 1
20 D 336 1643 1
20 D 336 31 1
20 D 336 841 1
2 L 1 583 1
20 D 336 1087 1
2 L 1 940 1
3 L 15 172 1
3 L 15 1779 1
9 L 12 1300 1
19 L 4 1204 1
19 L 4 1789 1
23 D 305 991 1
17 L 11 1508 1
23 D 305 647 1
23 D 305 1348 1
1 L 15 815 1
8 L 4 1334 1
8 L 4 1647 1
8 L 4 1159 1
5 L 8 435 1
7 L 8 83 1
7 L 8 632 1
7 L 8 1562 1
26 L 6 590 1
26 L 6 1888 1
15 L 11 1092 1
24 L 0 335 1
24 L 0 898 1
21 L 15 736 1
21 L 15 1025 1
21 L 15 1166 1
22 L 4 1305 1
22 L 4 1993 1
23 L 8 1276 1
23 L 8 837 1
23 L 8 998 1
25 L 11 122 1
12 L 0 1843 1
12 L 0 552 1
12 L 0 1270 1
12 L 0 1345 1
2 D 536 908 1
2 D 536 1057 1
2 D 536 583 1
2 D 536 940 1
29 L 4 631 1
29 L 4 834 1
29 L 4 1527 1
6 L 15 5 1
6 L 15 397 1
26 L 14 459 1
6 L 15 920 1
6 L 15 1124 1
8 D 748 1334 1
0 L 10 1355 1
8 D 748 1647 1
8 D 748 1159 1
19 D 234 1024 1
19 D 234 1230 1
19 D 234 1601 1
19 D 234 1204 1
19 D 234 1789 1
23 D 827 1276 1
23 D 827 837 1
23 D 827 998 1
14 L 12 68 1
14 L 12 1490 1
14 L 12 1762 1
25 L 4 640 1
9 L 11 266 1
3 L 4 142 1
3 L 4 264 1
10 L 11 35 1
21 D 7 808 1
21 D 7 736 1
21 D 7 1025 1
21 D 7 1166 1
15 L 12 1765 1
15 L 12 1875 1
8 L 15 104 1
8 L 15 352 1
8 L 15 1434 1
24 D 157 488 1
24 D 157 901 1
20 L 15 1078 1
24 D 157 335 1
20 L 15 1714 1
24 D 157 898 1
20 L 15 1983 1
22 L 15 720 1
22 L 15 962 1
1 L 2 597 1
16 D 152 372 1
16 D 152 1177 1
16 D 152 1052 1
17 L 0 158 1
17 L 0 483 1
17 L 0 1409 1
18 L 15 139 1
28 D 655 1125 1
18 L 15 1118 1
26 D 776 590 1
28 D 655 375 1
26 D 776 1888 1
28 D 655 1491 1
26 D 776 459 1
25 L 11 877 1
27 D 198 18 1
27 D 198 1002 1
27 D 198 725 1
27 D 198 1009 1
11 D 862 1406 1
11 D 862 149 1
11 D 862 719 1
2 L 8 1383 1
5 L 4 852 1
29 L 0 184 1
6 L 4 429 1
8 D 557 104 1
8 D 557 352 1
8 D 557 1434 1
24 L 8 1047 1
25 D 940 1962 1
25 D 940 122 1
25 D 940 640 1
25 D 940 877 1
15 D 50 1092 1
15 D 50 1765 1
15 D 50 1875 1
9 L 10 1818 1
3 D 139 172 1
3 D 139 1779 1
3 D 139 142 1
3 D 139 264 1
16 L 8 1894 1
29 D 221 1005 1
16 L 8 639 1
29 D 221 631 1
29 D 221 834 1
29 D 221 1527 1
29 D 221 184 1
0 L 4 604 1
0 L 4 1923 1
0 L 4 296 1
12 L 7 918 1
20 L 8 435 1
13 L 15 159 1
14 D 80 1234 1
14 D 80 68 1
15 L 4 1356 1
14 D 80 1490 1
15 L 4 1617 1
7 L 11 403 1
14 D 80 1762 1
4 L 10 265 1
4 L 10 1025 1
0 D 115 992 1
0 D 115 989 1
0 D 115 1061 1
0 D 115 137 1
0 D 115 1355 1
0 D 115 604 1
0 D 115 1923 1
0 D 115 296 1
19 L 8 121 1
19 L 8 1022 1
5 D 943 1969 1
5 D 943 1854 1
5 D 943 435 1
5 D 943 852 1
16 D 518 1894 1
16 D 518 639 1
6 D 206 5 1
6 D 206 397 1
6 D 206 920 1
6 D 206 1124 1
6 D 206 429 1
3 L 8 1903 1
21 L 8 1888 1
3 L 8 54 1
21 L 8 1893 1
22 D 625 1305 1
22 D 625 1993 1
22 D 625 720 1
22 D 625 962 1
3 D 55 1903 1
3 D 55 54 1
17 D 823 1508 1
17 D 823 158 1
17 D 823 483 1
17 D 823 1409 1
24 L 14 1183 1
8 L 0 1737 1
10 D 8 1843 1
10 D 8 1958 1
10 D 8 586 1
10 D 8 640 1
10 D 8 1706 1
10 D 8 35 1
20 D 585 1078 1
20 D 585 1714 1
20 D 585 1983 1
20 D 585 435 1
2 L 4 471 1
25 L 15 270 1
2 L 4 757 1
25 L 15 622 1
18 D 811 534 1
18 D 811 1433 1
18 D 811 1530 1
18 D 811 139 1
26 L 0 901 1
4 D 440 1327 1
18 D 811 1118 1
4 D 440 1590 1
4 D 440 919 1
23 L 10 1014 1
4 D 440 1699 1
4 D 440 265 1
4 D 440 1025 1
12 D 707 1843 1
12 D 707 552 1
12 D 707 1270 1
28 L 8 1231 1
12 D 707 1345 1
12 D 707 918 1
11 L 0 356 1
11 L 0 454 1
27 L 4 370 1
11 L 0 105 1
27 L 4 1449 1
11 L 0 748 1
27 L 4 1853 1
5 L 4 1881 1
29 L 8 1571 1
11 D 797 356 1
0 L 0 1476 1
11 D 797 454 1
11 D 797 105 1
11 D 797 748 1
26 L 1 216 1
26 L 1 563 1
22 L 7 593 1
22 L 7 1230 1
14 L 11 1508 1
1 L 0 342 1
15 L 8 271 1
15 L 8 1840 1
24 L 8 1841 1
24 L 8 886 1
12 L 4 1542 1
18 L 11 1929 1
10 L 15 1782 1
13 D 58 448 1
13 D 58 1304 1
13 D 58 159 1
22 L 12 441 1
22 L 12 509 1
25 L 4 1094 1
23 L 11 1019 1
16 L 12 1282 1
4 L 1 783 1
26 D 973 901 1
7 D 480 83 1
26 D 973 216 1
7 D 480 632 1
26 D 973 563 1
7 D 480 1562 1
7 D 480 403 1
20 L 1 1966 1
12 L 11 154 1
27 L 0 171 1
19 L 11 71 1
5 L 0 1306 1
2 D 638 1383 1
2 D 638 471 1
3 L 12 904 1
2 D 638 757 1
3 L 12 953 1
3 L 12 1230 1
8 L 15 8 1
2 L 8 871 1
2 L 8 1016 1
2 L 8 1589 1
21 L 11 1938 1
22 D 296 593 1
0 L 4 162 1
22 D 296 1230 1
0 L 4 816 1
6 L 10 836 1
9 D 722 1220 1
22 D 296 441 1
0 L 4 992 1
6 L 10 1505 1
9 D 722 512 1
22 D 296 509 1
9 D 722 1300 1
9 D 722 266 1
9 D 722 1818 1
11 L 11 1189 1
25 D 300 270 1
25 D 300 622 1
25 D 300 1094 1
26 L 5 303 1
24 L 14 989 1
26 L 5 1437 1
28 L 0 94 1
26 L 5 1438 1
28 L 0 628 1
2 D 337 871 1
2 D 337 1016 1
2 D 337 1589 1
26 D 103 303 1
26 D 103 1437 1
26 D 103 1438 1
17 L 14 628 1
15 D 595 1356 1
6 D 949 836 1
14 L 0 8 1
15 D 595 1617 1
1 D 863 465 1
6 D 949 1505 1
14 L 0 1449 1
15 D 595 271 1
1 D 863 1335 1
15 D 595 1840 1
1 D 863 815 1
1 D 863 597 1
1 D 863 342 1
12 D 482 1542 1
12 D 482 154 1
16 L 11 1512 1
16 L 11 1875 1
26 L 0 486 1
26 L 0 1329 1
27 D 941 370 1
27 D 941 1449 1
27 D 941 1853 1
27 D 941 171 1
24 D 202 1047 1
24 D 202 1183 1
24 D 202 1841 1
24 D 202 886 1
24 D 202 989 1
29 L 11 26 1
29 L 11 153 1
5 L 4 1354 1
4 L 4 265 1
4 L 4 586 1
0 D 144 1476 1
0 D 144 162 1
18 L 1 672 1
0 D 144 816 1
15 L 4 54 1
0 D 144 992 1
15 L 4 328 1
15 L 4 1411 1
15 L 4 1646 1
10 L 1 124 1
25 L 12 881 1
25 L 12 1855 1
26 D 572 486 1
26 D 572 1329 1
1 L 4 281 1
1 L 4 880 1
1 L 4 1751 1
25 D 471 881 1
25 D 471 1855 1
14 D 323 1508 1
14 D 323 8 1
14 D 323 1449 1
8 D 435 1737 1
20 L 11 1495 1
8 D 435 8 1
20 L 11 1890 1
21 D 363 1888 1
28 D 963 1231 1
21 D 363 1893 1
28 D 963 94 1
21 D 363 1938 1
28 D 963 628 1
1 D 723 281 1
1 D 723 880 1
1 D 723 1751 1
10 L 0 1126 1
22 L 0 190 1
10 L 0 1495 1
22 L 0 816 1
16 L 10 763 1
13 L 3 1375 1
2 L 0 479 1
2 L 0 837 1
2 L 0 931 1
2 L 0 1529 1
23 L 8 1300 1
23 L 8 1691 1
15 L 7 1979 1
7 L 11 348 1
7 L 11 1444 1
11 L 15 433 1
11 L 15 475 1
2 D 861 479 1
2 D 861 837 1
0 L 4 1277 1
2 D 861 931 1
19 D 847 121 1
0 L 4 1285 1
2 D 861 1529 1
19 D 847 1022 1
0 L 4 1420 1
19 D 847 71 1
12 L 1 399 1
17 L 15 1514 1
12 L 1 552 1
14 L 11 1225 1
12 L 1 1759 1
14 L 11 1966 1
26 L 4 1590 1
5 L 0 1887 1
26 L 4 1640 1
26 L 4 1765 1
7 D 205 348 1
7 D 205 1444 1
22 D 182 190 1
22 D 182 816 1
14 D 329 1225 1
14 D 329 1966 1
12 D 998 399 1
12 D 998 552 1
12 D 998 1759 1
15 D 615 54 1
15 D 615 328 1
15 D 615 1411 1
15 D 615 1646 1
15 D 615 1979 1
21 L 1 1138 1
3 L 14 73 1
4 D 253 783 1
4 D 253 265 1
4 D 253 586 1
27 L 2 346 1
27 L 2 1894 1
0 D 425 1277 1
0 D 425 1285 1
0 D 425 1420 1
18 D 141 1929 1
10 D 49 1782 1
18 D 141 672 1
10 D 49 124 1
10 D 49 1126 1
10 D 49 1495 1
25 L 15 1455 1
25 L 15 1960 1
20 D 452 1966 1
20 D 452 1495 1
1 L 0 297 1
20 D 452 1890 1
1 L 0 384 1
1 L 0 1090 1
1 L 0 1280 1
29 D 975 1571 1
29 D 975 26 1
29 D 975 153 1
9 L 10 1147 1
9 L 10 1464 1
8 L 15 468 1
9 L 10 1643 1
8 L 15 1704 1
16 D 215 1282 1
16 D 215 1512 1
16 D 215 1875 1
16 D 215 763 1
22 L 11 668 1
7 L 4 481 1
7 L 4 1490 1
7 L 4 1515 1
1 L 5 1512 1
26 L 15 1061 1
28 L 11 626 1
0 L 4 631 1
24 L 10 97 1
28 L 11 1059 1
0 L 4 800 1
28 L 11 1359 1
0 L 4 1028 1
17 D 477 628 1
27 D 328 346 1
17 D 477 1514 1
27 D 328 1894 1
11 D 10 1189 1
11 D 10 433 1
11 D 10 475 1
6 L 8 841 1
5 D 209 1881 1
6 L 8 1441 1
5 D 209 1306 1
6 L 8 1527 1
5 D 209 1354 1
6 L 8 1756 1
5 D 209 1887 1
1 L 0 1977 1
7 D 464 481 1
7 D 464 1490 1
7 D 464 1515 1
15 L 0 240 1
13 L 11 216 1
13 L 11 278 1
13 L 11 512 1
13 L 11 1608 1
19 L 0 1127 1
19 L 0 1541 1
28 D 282 626 1
19 L 0 1896 1
28 D 282 1059 1
28 D 282 1359 1
21 L 8 1866 1
9 D 303 1147 1
9 D 303 1464 1
9 D 303 1643 1
18 L 4 900 1
18 L 4 1677 1
26 L 9 1192 1
6 D 472 841 1
6 D 472 1441 1
6 D 472 1527 1
22 L 4 848 1
6 D 472 1756 1
12 L 4 958 1
12 L 4 1482 1
1 D 20 297 1
12 L 4 1945 1
1 D 20 384 1
1 D 20 1090 1
1 D 20 1280 1
1 D 20 1512 1
1 D 20 1977 1
2 L 15 334 1
7 L 4 11 1
2 L 15 352 1
7 L 4 162 1
2 L 15 848 1
7 L 4 996 1
2 L 15 1037 1
7 L 4 1596 1
8 L 8 953 1
10 L 1 1601 1
17 L 1 247 1
0 D 335 631 1
0 D 335 800 1
0 D 335 1028 1
4 L 4 773 1
4 L 4 1464 1
12 D 798 958 1
12 D 798 1482 1
12 D 798 1945 1
15 L 1 471 1
23 D 955 1014 1
23 D 955 1019 1
23 D 955 1300 1
7 D 411 11 1
23 D 955 1691 1
7 D 411 162 1
7 D 411 996 1
7 D 411 1596 1
24 L 11 576 1
18 D 768 900 1
18 D 768 1677 1
10 L 14 1670 1
2 D 962 334 1
2 D 962 352 1
4 D 999 773 1
2 D 962 848 1
4 D 999 1464 1
2 D 962 1037 1
21 D 765 1138 1
21 D 765 1866 1
17 L 0 1673 1
6 L 6 157 1
6 L 6 1747 1
11 L 0 185 1
14 L 14 445 1
11 L 0 725 1
14 L 14 979 1
11 L 0 1822 1
14 L 14 1597 1
11 L 0 1936 1
25 L 11 1025 1
25 L 11 1056 1
15 L 14 760 1
1 L 4 77 1
6 D 123 157 1
1 L 4 242 1
6 D 123 1747 1
1 L 4 983 1
9 L 11 290 1
19 L 4 413 1
27 L 15 95 1
27 L 15 409 1
27 L 15 975 1
16 L 0 27 1
16 L 0 235 1
16 L 0 907 1
16 L 0 1034 1
26 D 332 1590 1
10 L 1 1782 1
20 L 2 100 1
26 D 332 1640 1
20 L 2 1010 1
26 D 332 1765 1
26 D 332 1061 1
26 D 332 1192 1
2 L 15 688 1
2 L 15 1464 1
6 L 6 688 1
2 L 15 1520 1
6 L 6 1525 1
8 D 410 468 1
13 D 770 1375 1
6 L 6 1584 1
8 D 410 1704 1
13 D 770 216 1
8 D 410 953 1
13 D 770 278 1
23 L 4 412 1
13 D 770 512 1
23 L 4 1638 1
13 D 770 1608 1
23 L 4 1888 1
29 L 11 97 1
0 L 8 743 1
14 D 24 445 1
29 L 11 841 1
0 L 8 1436 1
14 D 24 979 1
29 L 11 1075 1
14 D 24 1597 1
29 L 11 1101 1
18 L 0 129 1
18 L 0 1023 1
18 L 0 1667 1
18 L 0 1714 1
28 L 15 1545 1
28 L 15 1843 1
28 L 15 1993 1
11 D 37 185 1
16 D 791 27 1
11 D 37 725 1
16 D 791 235 1
11 D 37 1822 1
16 D 791 907 1
11 D 37 1936 1
16 D 791 1034 1
23 D 984 412 1
22 L 10 1050 1
23 D 984 1638 1
22 L 10 1789 1
23 D 984 1888 1
15 D 751 240 1
15 D 751 471 1
15 D 751 760 1
0 D 465 743 1
0 D 465 1436 1
5 L 10 970 1
5 L 10 1163 1
5 L 10 1617 1
5 L 10 1765 1
26 L 4 96 1
24 L 10 1264 1
26 L 4 382 1
3 D 246 904 1
26 L 4 471 1
29 D 726 97 1
3 D 246 953 1
18 D 373 129 1
29 D 726 841 1
3 D 246 1230 1
4 L 11 653 1
6 D 43 688 1
18 D 373 1023 1
29 D 726 1075 1
3 D 246 73 1
4 L 11 812 1
6 D 43 1525 1
18 D 373 1667 1
21 L 4 1013 1
29 D 726 1101 1
4 L 11 1558 1
6 D 43 1584 1
17 L 14 1755 1
18 D 373 1714 1
21 L 4 1313 1
4 L 11 1981 1
12 L 8 287 1
12 L 8 346 1
12 L 8 461 1
27 D 175 95 1
27 D 175 409 1
27 D 175 975 1
7 L 1 573 1
20 D 957 100 1
20 D 957 1010 1
1 D 704 77 1
1 D 704 242 1
1 D 704 983 1
26 D 729 96 1
26 D 729 382 1
10 D 575 1601 1
26 D 729 471 1
2 D 352 688 1
10 D 575 1670 1
2 D 352 1464 1
10 D 575 1782 1
2 D 352 1520 1
19 D 993 1127 1
19 D 993 1541 1
19 D 993 1896 1
22 D 34 668 1
19 D 993 413 1
22 D 34 848 1
22 D 34 1050 1
28 D 609 1545 1
8 L 9 287 1
21 D 682 1013 1
22 D 34 1789 1
28 D 609 1843 1
8 L 9 704 1
21 D 682 1313 1
28 D 609 1993 1
8 L 9 1269 1
4 D 368 653 1
8 L 9 1425 1
4 D 368 812 1
8 L 9 1479 1
4 D 368 1558 1
4 D 368 1981 1
12 D 727 287 1
12 D 727 346 1
12 D 727 461 1
5 D 660 970 1
5 D 660 1163 1
5 D 660 1617 1
5 D 660 1765 1
9 L 10 634 1
24 D 911 97 1
24 D 911 576 1
24 D 911 1264 1
8 D 577 287 1
8 D 577 704 1
8 D 577 1269 1
8 D 577 1425 1
17 L 1 1843 1
8 D 577 1479 1
7 L 0 1387 1
25 D 345 1455 1
25 D 345 1960 1
25 D 345 1025 1
25 D 345 1056 1
13 L 1 1022 1
13 L 1 1158 1
13 L 1 1857 1
7 L 1 1462 1
7 L 1 1990 1
17 D 391 247 1
17 D 391 1673 1
17 D 391 1755 1
17 D 391 1843 1
13 D 310 1022 1
13 D 310 1158 1
13 D 310 1857 1
7 D 21 573 1
7 D 21 1387 1
7 D 21 1462 1
7 D 21 1990 1
9 L 11 1863 1
14 L 11 558 1
14 L 11 850 1
14 L 11 1496 1
11 L 8 957 1
11 L 8 1393 1
11 L 8 1911 1
14 D 514 558 1
14 D 514 850 1
14 D 514 1496 1
9 D 112 290 1
9 D 112 634 1
9 D 112 1863 1
11 L 10 512 1
11 L 10 643 1
11 L 10 1556 1
11 L 0 257 1
11 L 0 649 1
11 L 0 1606 1
11 L 0 1915 1
11 L 4 793 1
11 L 4 987 1
11 L 2 1758 1
11 L 4 97 1
11 L 4 445 1
11 L 4 954 1
11 L 4 1955 1
11 L 4 572 1
11 L 4 1250 1
11 L 4 1558 1
11 L 4 480 1
11 L 11 542 1
11 L 4 1274 1
11 L 15 115 1
11 L 15 726 1
11 L 15 983 1
11 L 15 1455 1
11 L 15 1913 1
11 L 4 1344 1
11 L 4 1964 1
11 L 8 1 1
11 L 15 362 1
11 L 15 1713 1
11 L 4 1154 1
11 L 4 1333 1
11 L 7 1489 1
11 L 7 1747 1
11 L 4 905 1
11 L 4 1264 1
11 L 4 1303 1
11 L 4 1482 1
11 L 8 398 1
11 L 8 1457 1
11 L 8 1902 1
11 L 15 644 1
11 L 15 798 1
11 L 13 1103 1
11 L 7 421 1
11 L 7 1030 1
11 L 7 1221 1
11 L 7 1923 1
11 L 1 807 1
11 L 1 1094 1
11 L 1 1662 1
11 L 8 929 1
11 L 8 1011 1
11 L 8 1456 1
11 L 4 559 1
11 L 4 567 1
11 L 4 678 1
11 L 9 732 1
11 L 9 1488 1
11 L 9 1626 1
11 L 15 83 1
11 L 15 1064 1
11 L 15 1989 1
11 L 4 164 1
11 L 4 977 1
11 L 4 1289 1
11 L 8 883 1
11 L 8 948 1
11 L 8 1200 1
11 L 3 1383 1
11 L 15 52 1
11 L 9 77 1
11 L 15 1871 1
11 L 15 1877 1
11 L 12 1715 1
11 L 12 1818 1
11 L 7 1851 1
11 L 12 1938 1
11 L 0 748 1
11 L 0 1062 1
11 L 0 1579 1
11 L 0 1627 1
11 L 0 1703 1
11 L 4 386 1
11 L 4 751 1
11 L 4 1022 1
11 L 4 1234 1
11 L 4 1908 1
11 L 15 48 1
11 L 15 1549 1
11 L 15 755 1
11 L 15 1097 1
11 L 15 1536 1
11 L 8 153 1
11 L 8 220 1
11 L 8 270 1
11 L 4 96 1
11 L 4 478 1
11 L 5 837 1
11 L 4 845 1
11 L 8 553 1
11 L 8 1094 1
11 L 8 1595 1
11 L 8 1875 1
11 L 7 983 1
11 L 7 1863 1
11 L 7 1912 1
11 L 4 267 1
11 L 4 1447 1
11 L 4 1572 1
11 L 0 659 1
11 L 0 820 1
11 L 0 1052 1
11 L 0 1547 1
11 L 6 21 1
11 L 6 239 1
11 L 6 1305 1
11 L 0 252 1
11 L 0 270 1
11 L 0 335 1
11 L 0 764 1
11 L 4 89 1
11 L 4 112 1
11 L 4 281 1
11 L 4 1936 1
11 L 4 1956 1
11 L 13 107 1
11 L 13 265 1
11 L 13 554 1
11 L 11 520 1
11 L 11 594 1
11 L 11 696 1
11 L 11 1042 1
11 L 11 1433 1
11 L 4 1455 1
11 L 11 1529 1
11 L 4 1712 1
11 L 4 1916 1
11 L 11 1357 1
11 L 11 1704 1
11 L 5 1201 1
11 L 0 1528 1
11 L 0 1803 1
11 L 4 63 1
11 L 4 508 1
11 L 4 719 1
11 L 4 742 1
11 L 4 1402 1
11 L 4 305 1
11 L 4 1321 1
11 L 0 1492 1
11 L 8 130 1
11 L 8 278 1
11 L 8 609 1
11 L 8 741 1
11 L 3 1587 1
11 L 15 6 1
11 L 15 335 1
11 L 15 460 1
11 L 15 1149 1
11 L 15 1595 1
11 L 11 420 1
11 L 11 437 1
11 L 10 597 1
11 L 11 720 1
11 L 2 806 1
11 L 2 1455 1
11 L 2 1962 1
11 L 1 657 1
11 L 4 696 1
11 L 1 1291 1
11 L 4 1482 1
11 L 4 1868 1
11 L 11 23 1
11 L 4 473 1
11 L 11 1407 1
11 L 9 1086 1
11 L 9 1300 1
11 L 9 1423 1
11 L 9 1490 1
11 L 9 1633 1
11 L 9 1891 1
11 L 4 600 1
11 L 11 668 1
11 L 4 1002 1
11 L 4 1370 1
11 L 14 290 1
11 L 14 790 1
11 L 14 1886 1
11 L 14 1988 1
11 L 0 1106 1
11 L 0 1598 1
11 L 0 1643 1
11 L 0 1738 1
11 L 14 92 1
11 L 14 911 1
11 L 14 1220 1
11 L 14 1950 1
11 L 3 71 1
11 L 3 832 1
11 L 3 1093 1
11 L 3 1191 1
11 L 6 534 1
11 L 6 1299 1
11 L 6 1527 1
11 L 6 1607 1
11 L 6 1997 1
11 L 4 1070 1
11 L 4 1265 1
11 L 4 1571 1
11 L 4 1601 1
11 L 0 759 1
11 L 4 1341 1
11 L 0 1446 1
11 L 0 1482 1
11 L 0 1839 1
11 L 0 764 1
11 L 0 806 1
11 L 0 1547 1
11 L 0 1638 1
11 L 0 1870 1
11 L 4 394 1
11 L 4 1209 1
11 L 4 1287 1
11 L 0 25 1
11 L 0 523 1
11 L 0 795 1
11 L 0 1260 1
11 L 15 105 1
11 L 15 223 1
11 L 7 1532 1
11 L 15 1828 1
11 L 4 388 1
11 L 4 1157 1
11 L 4 1415 1
11 L 4 1703 1
11 L 6 747 1
11 L 6 801 1
11 L 6 1681 1
11 L 0 409 1
11 L 5 723 1
11 L 0 1717 1
11 L 0 1832 1
11 L 15 675 1
11 L 15 724 1
11 L 15 1214 1
11 L 15 1561 1
11 L 1 338 1
11 L 1 512 1
11 L 1 1097 1
11 L 1 1329 1
11 L 15 537 1
11 L 15 764 1
11 L 15 905 1
11 L 15 1523 1
11 L 15 1527 1
11 L 15 372 1
11 L 15 840 1
11 L 15 1462 1
11 L 15 1625 1
11 L 15 1807 1
11 L 1 41 1
11 L 0 108 1
11 L 0 966 1
11 L 1 1453 1
11 L 1 541 1
11 L 1 1277 1
11 L 14 1439 1
11 L 1 1939 1
11 L 14 780 1
11 L 14 900 1
11 L 14 917 1
11 L 12 144 1
11 L 12 1075 1
11 L 12 1447 1
11 L 12 1769 1
11 L 12 730 1
11 L 12 836 1
11 L 12 1176 1
11 L 12 1777 1
11 L 14 126 1
11 L 14 452 1
11 L 14 538 1
11 L 14 591 1
11 L 14 1304 1
11 L 14 1309 1
11 L 15 49 1
11 L 15 114 1
11 L 15 338 1
11 L 15 147 1
11 L 15 422 1
11 L 15 1368 1
11 L 15 1916 1
11 L 8 476 1
11 L 8 704 1
11 L 8 723 1
11 L 8 971 1
11 L 7 687 1
11 L 7 872 1
11 L 7 1294 1
11 L 7 1602 1
11 L 8 1906 1
11 L 7 218 1
11 L 7 806 1
11 L 7 1542 1
11 L 7 1912 1
11 L 4 477 1
11 L 4 552 1
11 L 4 713 1
11 L 4 1230 1
11 L 11 419 1
11 L 11 455 1
11 L 11 1545 1
11 L 8 751 1
11 L 3 824 1
11 L 8 1142 1
11 L 8 1720 1
11 L 8 1874 1
11 L 4 507 1
11 L 0 720 1
11 L 0 1053 1
11 L 0 1054 1
11 L 4 191 1
11 L 4 275 1
11 L 4 860 1
11 L 4 1186 1
11 L 4 1715 1
11 L 4 890 1
11 L 4 1617 1
11 L 4 1658 1
11 L 0 1880 1
11 L 8 857 1
11 L 8 1050 1
11 L 8 1538 1
11 L 6 1679 1
11 L 1 713 1
11 L 5 984 1
11 L 1 1164 1
11 L 5 1977 1
11 L 1 642 1
11 L 1 737 1
11 L 0 953 1
11 L 3 1100 1
11 L 15 18 1
11 L 15 114 1
11 L 15 475 1
11 L 15 1000 1
11 L 15 1977 1
11 L 15 189 1
11 L 15 201 1
11 L 15 299 1
11 L 15 482 1
11 L 15 617 1
11 L 15 871 1
11 L 13 20 1
11 L 15 559 1
11 L 15 967 1
11 L 15 1829 1
11 L 4 391 1
11 L 4 913 1
11 L 4 1304 1
11 L 8 1041 1
11 L 8 1289 1
11 L 8 1513 1
11 L 8 1540 1
11 L 8 1881 1
11 L 11 521 1
11 L 11 1384 1
11 L 11 1672 1
11 L 11 1913 1
11 L 4 2 1
11 L 4 22 1
11 L 4 172 1
11 L 4 363 1
11 L 4 720 1
11 L 8 218 1
11 L 9 328 1
11 L 8 911 1
11 L 8 1525 1
11 L 8 1633 1
11 L 8 164 1
11 L 8 491 1
11 L 8 730 1
11 L 8 1013 1
11 L 15 1203 1
11 L 6 26 1
11 L 6 233 1
11 L 6 312 1
11 L 6 400 1
11 L 6 1138 1
11 L 6 1342 1
11 L 4 67 1
11 L 4 1043 1
11 L 4 1163 1
11 L 4 1366 1
11 L 4 1868 1
11 L 11 509 1
11 L 11 914 1
11 L 11 1098 1
11 L 11 1903 1
11 L 4 56 1
11 L 4 348 1
11 L 4 1139 1
11 L 7 1598 1
11 L 4 1810 1
11 L 2 463 1
11 L 2 790 1
11 L 2 896 1
11 L 2 1045 1
11 L 0 688 1
11 L 4 861 1
11 L 0 901 1
11 L 0 1554 1
11 L 0 1976 1
11 L 11 427 1
11 L 11 852 1
11 L 11 1481 1
11 L 14 167 1
11 L 14 456 1
11 L 14 1196 1
11 L 14 1541 1
11 L 4 859 1
11 L 4 1075 1
11 L 4 1794 1
11 L 10 406 1
11 L 10 422 1
11 L 10 1260 1
11 L 10 1402 1
11 L 8 383 1
11 L 8 717 1
11 L 8 727 1
11 L 8 1427 1
11 L 8 1567 1
11 L 8 1567 1
11 L 0 44 1
11 L 0 68 1
11 L 0 614 1
11 L 0 795 1
11 L 0 1631 1
11 L 4 639 1
11 L 15 1008 1
11 L 4 1087 1
11 L 4 1089 1
11 L 4 90 1
11 L 4 384 1
11 L 4 863 1
11 L 4 1536 1
11 L 1 244 1
11 L 0 333 1
11 L 1 446 1
11 L 1 1550 1
11 L 1 1589 1
11 L 15 114 1
11 L 15 119 1
11 L 15 399 1
11 L 15 720 1
11 L 15 1489 1
11 L 15 1688 1
11 L 1 691 1
11 L 1 1173 1
11 L 1 1841 1
11 L 1 1897 1
11 L 11 853 1
11 L 11 861 1
11 L 11 882 1
11 L 11 1093 1
11 L 11 1482 1
11 L 3 288 1
11 L 3 551 1
11 L 8 825 1
11 L 3 1610 1
11 L 3 1719 1
11 L 3 1853 1
11 L 14 1313 1
11 L 14 1641 1
11 L 14 1653 1
11 L 14 1786 1
11 L 4 364 1
11 L 4 856 1
11 L 4 950 1
11 L 4 1163 1
11 L 4 1696 1
11 L 4 1798 1
11 L 4 1969 1
11 L 4 71 1
11 L 4 153 1
11 L 4 1792 1
11 L 4 1884 1
11 L 4 108 1
11 L 4 662 1
11 L 4 787 1
11 L 4 1405 1
11 L 4 1441 1
11 L 4 1448 1
11 L 0 54 1
11 L 0 453 1
11 L 0 794 1
11 L 0 1451 1
11 L 7 468 1
11 L 7 1467 1
11 L 7 1500 1
11 L 0 27 1
11 L 0 162 1
11 L 0 1029 1
11 L 0 1617 1
11 L 4 1695 1
11 L 0 1818 1
11 L 0 1828 1
11 L 14 184 1
11 L 14 499 1
11 L 14 610 1
11 L 14 970 1
11 L 14 1908 1
11 L 4 921 1
11 L 4 1285 1
11 L 4 1289 1
11 L 4 1594 1
11 L 4 1883 1
11 L 5 175 1
11 L 5 951 1
11 L 5 1147 1
11 L 6 231 1
11 L 6 372 1
11 L 6 904 1
11 L 6 926 1
11 L 6 1584 1
11 L 4 421 1
11 L 4 1559 1
11 L 4 1580 1
11 L 8 492 1
11 L 8 904 1
11 L 3 1112 1
11 L 8 1342 1
11 L 8 1701 1
11 L 10 893 1
11 L 11 1049 1
11 L 11 1233 1
11 L 7 15 1
11 L 7 113 1
11 L 7 220 1
11 L 7 753 1
11 L 7 1522 1
11 L 13 353 1
11 L 15 652 1
11 L 15 1482 1
11 L 15 1886 1
11 L 8 794 1
11 L 6 837 1
11 L 8 1033 1
11 L 8 1433 1
11 L 8 1637 1
11 L 1 104 1
11 L 1 643 1
11 L 1 822 1
11 L 1 1309 1
11 L 1 1538 1
11 L 0 1209 1
11 L 0 1618 1
11 L 4 1850 1
11 L 4 701 1
11 L 4 1215 1
11 L 4 1556 1
11 L 4 1607 1
11 L 4 1833 1
11 L 14 500 1
11 L 14 823 1
11 L 14 1047 1
11 L 6 1075 1
11 L 14 1123 1
11 L 14 1744 1
11 L 12 421 1
11 L 12 875 1
11 L 7 993 1
11 L 12 1337 1
11 L 12 1853 1
11 L 15 477 1
11 L 15 1018 1
11 L 15 1118 1
11 L 15 1316 1
11 L 15 1324 1
11 L 15 1440 1
11 L 15 1983 1
11 L 8 233 1
11 L 8 720 1
11 L 8 907 1
11 L 8 939 1
11 L 8 1025 1
11 L 8 1475 1
11 L 2 1588 1
11 L 1 755 1
11 L 1 1411 1
11 L 1 1611 1
11 L 1 1860 1
11 L 1 1957 1
11 L 6 214 1
11 L 6 870 1
11 L 6 1234 1
11 L 6 1250 1
11 L 6 1802 1
11 L 8 96 1
11 L 8 533 1
11 L 8 673 1
11 L 8 723 1
11 L 8 1001 1
11 L 4 11 1
11 L 4 314 1
11 L 4 853 1
11 L 11 856 1
11 L 4 1023 1
11 L 5 213 1
11 L 8 661 1
11 L 8 937 1
11 L 8 954 1
11 L 8 961 1
11 L 3 1011 1
11 L 8 1790 1
11 L 4 534 1
11 L 4 747 1
11 L 4 1108 1
11 L 15 1635 1
11 L 3 17 1
11 L 3 115 1
11 L 3 431 1
11 L 15 1311 1
11 L 3 1425 1
11 L 3 1909 1
11 L 0 139 1
11 L 0 1113 1
11 L 0 1142 1
11 L 0 1241 1
11 L 0 1451 1
11 L 0 1943 1
11 L 15 116 1
11 L 15 703 1
11 L 15 1530 1
11 L 15 1896 1
11 L 9 26 1
11 L 9 1091 1
11 L 9 1785 1
11 L 9 1830 1
11 L 4 199 1
11 L 4 438 1
11 L 4 1106 1
11 L 4 1771 1
11 L 4 1839 1
11 L 11 111 1
11 L 11 119 1
11 L 11 1120 1
11 L 11 1224 1
11 L 11 1414 1
11 L 15 85 1
11 L 15 283 1
11 L 15 622 1
11 L 15 723 1
11 L 15 942 1
11 L 15 1751 1
11 L 15 1853 1
11 L 0 465 1
11 L 0 879 1
11 L 0 1363 1
11 L 0 1905 1
11 L 15 192 1
11 L 15 295 1
11 L 15 468 1
11 L 15 1101 1
11 L 15 1135 1
11 L 1 89 1
11 L 1 400 1
11 L 1 631 1
11 L 0 1039 1
11 L 1 1289 1
11 L 1 1413 1
11 L 0 772 1
11 L 0 1200 1
11 L 0 1287 1
11 L 0 1677 1
11 L 7 429 1
11 L 7 525 1
11 L 7 816 1
11 L 7 1078 1
11 L 7 1415 1
11 L 4 505 1
11 L 4 690 1
11 L 4 765 1
11 L 4 919 1
11 L 4 1691 1
11 L 0 421 1
11 L 0 466 1
11 L 0 1380 1
11 L 0 1803 1
11 L 1 410 1
11 L 4 1232 1
11 L 1 1323 1
11 L 4 1878 1
11 L 1 1923 1
11 L 8 41 1
11 L 8 749 1
11 L 14 1117 1
11 L 8 1198 1
11 L 8 1350 1
11 L 8 1651 1
11 L 7 591 1
11 L 7 660 1
11 L 7 661 1
11 L 7 859 1
11 L 7 1097 1
11 L 12 1333 1
11 L 4 261 1
11 L 4 653 1
11 L 4 1195 1
11 L 4 1416 1
11 L 4 1713 1
11 L 10 90 1
11 L 10 483 1
11 L 10 688 1
11 L 10 1024 1
11 L 10 1788 1
11 L 10 1849 1
11 L 14 34 1
11 L 14 749 1
11 L 14 770 1
11 L 14 1489 1
11 L 14 1821 1
11 L 5 476 1
11 L 1 480 1
11 L 1 1021 1
11 L 5 1037 1
11 L 1 1502 1
11 L 2 318 1
11 L 8 1020 1
11 L 8 1098 1
11 L 8 1211 1
11 L 8 1234 1
11 L 8 1420 1
11 L 8 1651 1
11 L 11 921 1
11 L 11 1098 1
11 L 11 1289 1
11 L 10 1576 1
11 L 11 1771 1
11 L 8 163 1
11 L 9 571 1
11 L 8 805 1
11 L 8 1290 1
11 L 8 1363 1
11 L 8 1843 1
11 L 0 734 1
11 L 0 1297 1
11 L 0 1452 1
11 L 5 1811 1
11 L 15 81 1
11 L 15 193 1
11 L 15 299 1
11 L 15 783 1
11 L 15 1677 1
11 L 15 1974 1
11 L 1 553 1
11 L 1 649 1
11 L 1 696 1
11 L 1 1057 1
11 L 1 1357 1
11 L 4 563 1
11 L 4 1095 1
11 L 4 1785 1
11 L 14 184 1
11 L 14 185 1
11 L 14 421 1
11 L 14 575 1
11 L 14 1329 1
11 L 3 1387 1
11 L 14 1812 1
11 L 14 1981 1
11 L 7 488 1
11 L 7 1084 1
11 L 7 1204 1
11 L 7 1481 1
11 L 7 1863 1
11 L 4 931 1
11 L 4 942 1
11 L 4 1056 1
11 L 4 1086 1
11 L 4 1207 1
11 L 4 1425 1
11 L 4 1559 1
11 L 4 1628 1
11 L 4 1715 1
11 L 4 1987 1
11 L 15 476 1
11 L 15 587 1
11 L 15 974 1
11 L 15 1108 1
11 L 8 553 1
11 L 8 1003 1
11 L 8 1313 1
11 L 11 196 1
11 L 11 484 1
11 L 11 979 1
11 L 10 1125 1
11 L 4 1907 1
11 L 15 8 1
11 L 15 99 1
11 L 15 123 1
11 L 3 248 1
11 L 15 975 1
11 L 7 462 1
11 L 12 856 1
11 L 12 1379 1
11 L 12 1948 1
11 L 4 97 1
11 L 4 307 1
11 L 4 383 1
11 L 4 449 1
11 L 4 1005 1
11 L 4 1080 1
11 L 4 343 1
11 L 0 1054 1
11 L 5 1181 1
11 L 0 1644 1
11 L 0 1886 1
11 L 8 62 1
11 L 8 237 1
11 L 8 758 1
11 L 3 867 1
11 L 14 1600 1
11 L 8 1722 1
11 L 3 103 1
11 L 15 344 1
11 L 15 419 1
11 L 15 488 1
11 L 8 519 1
11 L 15 688 1
11 L 15 1035 1
11 L 15 1490 1
11 L 0 238 1
11 L 0 421 1
11 L 0 1545 1
11 L 0 1898 1
11 L 15 220 1
11 L 15 936 1
11 L 4 1549 1
11 L 15 1590 1
11 L 15 1875 1
11 L 7 365 1
11 L 4 802 1
11 L 4 883 1
11 L 4 1135 1
11 L 4 1535 1
11 L 4 1548 1
11 L 11 31 1
11 L 11 270 1
11 L 11 731 1
11 L 11 1854 1
11 L 6 362 1
11 L 1 1750 1
11 L 6 1762 1
11 L 8 259 1
11 L 8 276 1
11 L 8 590 1
11 L 8 764 1
11 L 8 1266 1
11 L 8 1956 1
11 L 8 1974 1
11 L 5 8 1
11 L 0 454 1
11 L 0 459 1
11 L 0 899 1
11 L 0 1482 1
11 L 0 1648 1
11 L 0 1837 1
11 L 8 527 1
11 L 8 759 1
11 L 8 1266 1
11 L 8 1535 1
11 L 9 1757 1
11 L 0 428 1
11 L 0 650 1
11 L 0 1633 1
11 L 0 1712 1
11 L 0 1714 1
11 L 0 1719 1
11 L 11 668 1
11 L 11 732 1
11 L 11 1056 1
11 L 11 1088 1
11 L 11 1835 1
11 L 11 1945 1
11 L 11 1971 1
11 L 15 280 1
11 L 3 342 1
11 L 15 628 1
11 L 15 795 1
11 L 15 1270 1
11 L 15 1607 1
11 L 0 324 1
11 L 0 719 1
11 L 0 1312 1
11 L 0 1662 1
11 L 0 1715 1
11 L 0 697 1
11 L 0 941 1
11 L 0 958 1
11 L 0 1002 1
11 L 0 1322 1
11 L 9 218 1
11 L 9 218 1
11 L 9 929 1
11 L 8 946 1
11 L 9 964 1
11 L 9 1649 1
11 L 1 1267 1
11 L 1 1435 1
11 L 1 1816 1
11 L 1 1855 1
11 L 1 15 1
11 L 1 296 1
11 L 1 1238 1
11 L 1 1589 1
11 L 1 1644 1
11 L 1 1962 1
11 L 5 320 1
11 L 0 522 1
11 L 0 690 1
11 L 14 616 1
11 L 1 1147 1
11 L 1 1253 1
11 L 1 1278 1
11 L 1 1632 1
11 L 1 1819 1
11 L 0 48 1
11 L 4 693 1
11 L 4 1002 1
11 L 4 1144 1
11 L 4 110 1
11 L 4 360 1
11 L 4 659 1
11 L 7 754 1
11 L 4 1863 1
11 L 8 64 1
11 L 8 375 1
11 L 8 614 1
11 L 8 1034 1
11 L 9 1397 1
11 L 8 1896 1
11 L 2 15 1
11 L 2 76 1
11 L 8 918 1
11 L 2 1291 1
11 L 2 1447 1
11 L 4 68 1
11 L 4 284 1
11 L 4 713 1
11 L 4 872 1
11 L 4 1438 1
11 L 4 163 1
11 L 4 455 1
11 L 4 1012 1
11 L 4 1420 1
11 L 4 1733 1
11 L 0 58 1
11 L 0 147 1
11 L 0 499 1
11 L 0 1128 1
11 L 5 1526 1
11 L 15 141 1
11 L 15 827 1
11 L 15 1049 1
11 L 15 1120 1
11 L 15 1342 1
11 L 10 175 1
11 L 10 561 1
11 L 10 1172 1
11 L 10 1420 1
11 L 10 1638 1
11 L 11 488 1
11 L 11 866 1
11 L 11 1222 1
11 L 11 1732 1
11 L 4 157 1
11 L 4 308 1
11 L 11 343 1
11 L 4 528 1
11 L 4 1817 1
11 L 14 221 1
11 L 14 392 1
11 L 14 460 1
11 L 14 670 1
11 L 14 1830 1
11 L 2 314 1
11 L 2 1798 1
11 L 2 1837 1
11 L 2 1938 1
11 L 10 906 1
11 L 4 956 1
11 L 10 1371 1
11 L 10 1830 1
11 L 10 1911 1
11 L 10 105 1
11 L 10 426 1
11 L 10 590 1
11 L 10 1411 1
11 L 10 1739 1
11 L 10 1950 1
11 L 7 484 1
11 L 12 599 1
11 L 7 780 1
11 L 7 1015 1
11 L 12 1198 1
11 L 4 83 1
11 L 4 182 1
11 L 4 405 1
11 L 4 730 1
11 L 4 789 1
11 L 4 1822 1
11 L 4 1871 1
11 L 9 242 1
11 L 9 421 1
11 L 9 1177 1
11 L 9 1433 1
11 L 9 1832 1
11 L 8 159 1
11 L 8 701 1
11 L 8 792 1
11 L 8 1338 1
11 L 8 1625 1
11 L 9 1770 1
11 L 10 30 1
11 L 11 58 1
11 L 10 1227 1
11 L 10 1897 1
11 L 11 360 1
11 L 11 1027 1
11 L 11 1043 1
11 L 11 1395 1
11 L 11 1580 1
11 L 4 75 1
11 L 4 105 1
11 L 4 186 1
11 L 4 287 1
11 L 4 975 1
11 L 1 320 1
11 L 0 371 1
11 L 0 591 1
11 L 0 643 1
11 L 0 882 1
11 L 0 1025 1
11 L 1 551 1
11 L 1 869 1
11 L 1 1145 1
11 L 1 1184 1
11 L 1 1821 1
11 L 14 1878 1
11 L 4 163 1
11 L 11 526 1
11 L 4 1243 1
11 L 4 1526 1
11 L 0 1696 1
11 L 4 1780 1
11 L 15 29 1
11 L 15 222 1
11 L 15 577 1
11 L 15 822 1
11 L 15 1012 1
11 L 14 50 1
11 L 14 157 1
11 L 14 557 1
11 L 14 825 1
11 L 14 1163 1
11 L 14 1383 1
11 L 14 1392 1
11 L 8 726 1
11 L 8 730 1
11 L 6 1018 1
11 L 8 1042 1
11 L 8 1306 1
11 L 8 1373 1
11 L 7 412 1
11 L 4 795 1
11 L 4 874 1
11 L 4 958 1
11 L 4 1358 1
11 L 15 186 1
11 L 15 438 1
11 L 15 532 1
11 L 15 808 1
11 L 15 985 1
11 L 15 1299 1
11 L 15 1341 1
11 L 1 77 1
11 L 1 97 1
11 L 5 704 1
11 L 1 750 1
11 L 1 870 1
11 L 1 1436 1
11 L 1 1969 1
11 L 10 695 1
11 L 11 774 1
11 L 11 798 1
11 L 11 835 1
11 L 11 1723 1
11 L 8 435 1
11 L 8 438 1
11 L 8 994 1
11 L 8 1482 1
11 L 8 1606 1
11 L 6 1643 1
11 L 8 1737 1
11 L 4 72 1
11 L 4 204 1
11 L 4 487 1
11 L 4 586 1
11 L 4 703 1
11 L 15 1118 1
11 L 1 786 1
11 L 1 994 1
11 L 1 1197 1
11 L 1 1349 1
11 L 1 1491 1
11 L 1 1501 1
11 L 1 282 1
11 L 1 286 1
11 L 1 927 1
11 L 1 1448 1
11 L 1 1486 1
11 L 1 83 1
11 L 1 86 1
11 L 0 230 1
11 L 1 762 1
11 L 1 1444 1
11 L 1 1541 1
11 L 1 1927 1
11 L 4 276 1
11 L 4 353 1
11 L 4 424 1
11 L 4 970 1
11 L 4 1641 1
11 L 4 1944 1
11 L 8 1003 1
11 L 3 1408 1
11 L 8 1482 1
11 L 8 1790 1
11 L 8 547 1
11 L 8 911 1
11 L 8 974 1
11 L 8 1143 1
11 L 8 1903 1
11 L 0 595 1
11 L 5 1149 1
11 L 0 1332 1
11 L 5 1803 1
11 L 11 267 1
11 L 11 338 1
11 L 11 501 1
11 L 11 659 1
11 L 11 1173 1
11 L 11 1832 1
11 L 1 85 1
11 L 1 887 1
11 L 1 917 1
11 L 14 1628 1
11 L 8 701 1
11 L 15 1588 1
11 L 8 1786 1
11 L 8 1896 1
11 L 8 1920 1
11 L 11 254 1
11 L 12 382 1
11 L 12 573 1
11 L 12 597 1
11 L 11 901 1
11 L 12 1167 1
11 L 12 1303 1
11 L 4 111 1
11 L 4 529 1
11 L 0 541 1
11 L 4 1097 1
11 L 4 1188 1
11 L 4 1554 1
11 L 4 638 1
11 L 4 905 1
11 L 4 916 1
11 L 4 1195 1
11 L 4 1489 1
11 L 0 1606 1
11 L 4 1672 1
11 L 5 16 1
11 L 5 789 1
11 L 5 823 1
11 L 5 967 1
11 L 5 1246 1
11 L 5 1487 1
11 L 5 1600 1
11 L 1 407 1
11 L 14 583 1
11 L 1 958 1
11 L 1 1196 1
11 L 1 1279 1
11 L 1 1582 1
11 L 1 1713 1
11 L 1 1822 1
11 L 8 289 1
11 L 8 417 1
11 L 8 520 1
11 L 8 1016 1
11 L 8 1084 1
11 L 9 1231 1
11 L 8 16 1
11 L 8 26 1
11 L 8 78 1
11 L 8 638 1
11 L 8 1159 1
11 L 8 1290 1
11 L 9 1402 1
11 L 8 1640 1
11 L 11 277 1
11 L 4 674 1
11 L 4 829 1
11 L 4 1214 1
11 L 4 582 1
11 L 11 701 1
11 L 4 914 1
11 L 4 1197 1
11 L 4 1771 1
11 L 15 174 1
11 L 15 459 1
11 L 15 488 1
11 L 15 1052 1
11 L 15 1988 1
11 L 15 1997 1
11 L 12 353 1
11 L 11 628 1
11 L 11 1135 1
11 L 11 1658 1
11 L 11 1910 1
11 L 11 80 1
11 L 11 130 1
11 L 11 460 1
11 L 11 854 1
11 L 11 1599 1
11 L 1 114 1
11 L 1 427 1
11 L 1 467 1
11 L 1 753 1
11 L 1 841 1
11 L 1 1574 1
11 L 4 242 1
11 L 4 367 1
11 L 4 885 1
11 L 4 1029 1
11 L 4 1158 1
11 L 11 1615 1
11 L 9 128 1
11 L 3 597 1
11 L 3 621 1
11 L 9 820 1
11 L 3 832 1
11 L 3 895 1
11 L 3 1108 1
11 L 3 1567 1
11 L 3 1983 1
11 L 8 121 1
11 L 8 547 1
11 L 8 582 1
11 L 9 734 1
11 L 8 898 1
11 L 8 1908 1
11 L 15 107 1
11 L 15 429 1
11 L 15 1468 1
11 L 15 1599 1
11 L 4 411 1
11 L 4 414 1
11 L 4 765 1
11 L 4 778 1
11 L 4 1361 1
11 L 4 1833 1
11 L 4 1849 1
11 L 3 613 1
11 L 3 756 1
11 L 15 1209 1
11 L 3 1631 1
11 L 6 329 1
11 L 14 403 1
11 L 6 852 1
11 L 6 1438 1
11 L 14 1504 1
11 L 6 1506 1
11 L 10 145 1
11 L 10 786 1
11 L 10 964 1
11 L 10 1238 1
11 L 10 1240 1
11 L 10 1283 1
11 L 10 1389 1
11 L 10 1832 1
11 L 0 238 1
11 L 0 346 1
11 L 0 736 1
11 L 0 929 1
11 L 0 1484 1
11 L 4 10 1
11 L 11 118 1
11 L 4 419 1
11 L 11 743 1
11 L 11 1560 1
11 L 14 247 1
11 L 6 626 1
11 L 6 773 1
11 L 6 1229 1
11 L 6 1508 1
11 L 11 111 1
11 L 11 684 1
11 L 11 688 1
11 L 4 732 1
11 L 11 733 1
11 L 11 1448 1
11 L 11 1833 1
11 L 6 898 1
11 L 6 1423 1
11 L 6 1563 1
11 L 6 1722 1
11 L 6 1770 1
11 L 8 1918 1
11 L 11 335 1
11 L 11 501 1
11 L 11 525 1
11 L 10 600 1
11 L 11 1824 1
11 L 0 409 1
11 L 0 654 1
11 L 0 777 1
11 L 0 841 1
11 L 0 1480 1
11 L 0 1665 1
11 L 0 1731 1
11 L 0 1842 1
11 L 11 43 1
11 L 11 320 1
11 L 11 1652 1
11 L 4 210 1
11 L 4 218 1
11 L 4 1064 1
11 L 4 1782 1
11 L 4 1927 1
11 L 4 1945 1
11 L 15 41 1
11 L 3 192 1
11 L 15 214 1
11 L 15 1181 1
11 L 15 1270 1
11 L 15 1378 1
11 L 0 186 1
11 L 0 378 1
11 L 0 521 1
11 L 0 635 1
11 L 0 675 1
11 L 0 1122 1
11 L 0 362 1
11 L 0 419 1
11 L 0 590 1
11 L 0 750 1
11 L 0 789 1
11 L 8 290 1
11 L 8 441 1
11 L 8 488 1
11 L 8 607 1
11 L 8 1086 1
11 L 8 1290 1
11 L 8 1372 1
11 L 8 1475 1
11 L 8 1702 1
11 L 15 157 1
11 L 7 342 1
11 L 15 777 1
11 L 15 1502 1
11 L 7 1592 1
11 L 3 1596 1
11 L 15 1611 1
11 L 15 1981 1
11 L 10 312 1
11 L 10 697 1
11 L 10 988 1
11 L 10 1233 1
11 L 15 298 1
11 L 15 404 1
11 L 15 785 1
11 L 15 1159 1
11 L 15 1843 1
11 L 15 1944 1
11 L 6 270 1
11 L 8 343 1
11 L 6 1366 1
11 L 6 1529 1
11 L 8 1636 1
11 L 6 1873 1
11 L 11 254 1
11 L 11 286 1
11 L 11 887 1
11 L 4 914 1
11 L 11 1154 1
11 L 11 1983 1
11 L 10 228 1
11 L 11 346 1
11 L 11 571 1
11 L 11 727 1
11 L 11 789 1
11 L 11 1991 1
11 L 0 642 1
11 L 0 887 1
11 L 0 900 1
11 L 0 1243 1
11 L 0 1595 1
11 L 4 1447 1
11 L 4 1776 1
11 L 15 1809 1
11 L 4 1830 1
11 L 10 303 1
11 L 10 399 1
11 L 10 467 1
11 L 10 802 1
11 L 11 962 1
11 L 10 1151 1
11 L 10 1420 1
11 L 10 1502 1
11 L 8 12 1
11 L 9 68 1
11 L 9 954 1
11 L 9 1091 1
11 L 9 1322 1
11 L 9 1621 1
11 L 8 1823 1
11 L 6 48 1
11 L 6 107 1
11 L 14 343 1
11 L 14 1771 1
11 L 15 251 1
11 L 15 270 1
11 L 15 626 1
11 L 15 637 1
11 L 15 680 1
11 L 15 1204 1
11 L 15 1587 1
11 L 15 1688 1
11 L 15 86 1
11 L 15 591 1
11 L 15 1331 1
11 L 15 1464 1
11 L 3 1693 1
11 L 15 1999 1
11 L 14 195 1
11 L 14 208 1
11 L 14 808 1
11 L 14 823 1
11 L 14 1588 1
11 L 14 1589 1
11 L 4 262 1
11 L 4 299 1
11 L 4 607 1
11 L 4 1571 1
11 L 4 1614 1
11 L 4 1828 1
11 L 10 296 1
11 L 10 560 1
11 L 10 862 1
11 L 10 1087 1
11 L 10 1285 1
11 L 10 1395 1
11 L 0 71 1
11 L 0 136 1
11 L 0 323 1
11 L 0 688 1
11 L 0 1558 1
11 L 0 1649 1
11 L 5 1766 1
11 L 15 130 1
11 L 15 243 1
11 L 15 682 1
11 L 15 1042 1
11 L 15 1080 1
11 L 15 1417 1
11 L 15 1462 1
11 L 15 1616 1
11 L 4 93 1
11 L 0 336 1
11 L 11 666 1
11 L 4 1378 1
11 L 11 1433 1
11 L 11 83 1
11 L 4 92 1
11 L 11 736 1
11 L 10 854 1
11 L 11 949 1
11 L 11 1267 1
11 L 11 1444 1
11 L 11 2 1
11 L 11 392 1
11 L 11 644 1
11 L 11 1372 1
11 L 11 1523 1
11 L 11 1640 1
11 L 4 1688 1
11 L 10 1707 1
11 L 15 28 1
11 L 15 489 1
11 L 15 859 1
11 L 15 1604 1
11 L 15 1640 1
11 L 15 1736 1
11 L 6 15 1
11 L 6 123 1
11 L 6 803 1
11 L 6 877 1
11 L 6 915 1
11 L 6 1569 1
11 L 6 1817 1
11 L 0 36 1
11 L 4 63 1
11 L 15 478 1
11 L 4 549 1
11 L 4 558 1
11 L 4 875 1
11 L 4 937 1
11 L 4 1061 1
11 L 4 1081 1
11 L 4 1359 1
11 L 7 1530 1
11 L 4 43 1
11 L 4 327 1
11 L 4 659 1
11 L 4 840 1
11 L 11 961 1
11 L 13 1696 1
11 L 7 272 1
11 L 7 288 1
11 L 7 1275 1
11 L 4 1510 1
11 L 7 1833 1
11 L 11 51 1
11 L 11 145 1
11 L 11 348 1
11 L 11 1285 1
11 L 12 1672 1
11 L 4 1684 1
11 L 11 1992 1
11 L 4 73 1
11 L 4 488 1
11 L 4 905 1
11 L 0 1204 1
11 L 4 1580 1
11 L 4 1690 1
11 L 4 1833 1
11 L 0 547 1
11 L 0 699 1
11 L 0 953 1
11 L 0 1005 1
11 L 0 1065 1
11 L 0 1176 1
11 L 0 1566 1
11 L 0 1568 1
11 L 8 168 1
11 L 8 513 1
11 L 6 638 1
11 L 8 1094 1
11 L 8 1240 1
11 L 8 1372 1
11 L 8 1537 1
11 L 14 1612 1
11 L 8 1754 1
11 L 8 1966 1
11 L 0 99 1
11 L 0 157 1
11 L 4 578 1
11 L 0 1137 1
11 L 0 127 1
11 L 5 200 1
11 L 0 225 1
11 L 0 988 1
11 L 0 1025 1
11 L 0 1602 1
11 L 4 671 1
11 L 13 1272 1
11 L 4 1455 1
11 L 4 1790 1
11 L 4 1838 1
11 L 6 475 1
11 L 14 502 1
11 L 8 595 1
11 L 6 637 1
11 L 6 880 1
11 L 6 1214 1
11 L 4 26 1
11 L 4 153 1
11 L 4 487 1
11 L 4 756 1
11 L 4 1023 1
11 L 4 1141 1
11 L 4 1937 1
11 L 4 139 1
11 L 4 216 1
11 L 4 427 1
11 L 11 428 1
11 L 4 1444 1
11 L 4 1867 1
11 L 3 30 1
11 L 3 190 1
11 L 15 375 1
11 L 15 727 1
11 L 15 992 1
11 L 15 996 1
11 L 15 1587 1
11 L 8 136 1
11 L 8 472 1
11 L 8 890 1
11 L 8 1135 1
11 L 8 1523 1
11 L 8 1669 1
11 L 8 1944 1
11 L 0 761 1
11 L 0 835 1
11 L 0 849 1
11 L 0 1140 1
11 L 0 1199 1
11 L 0 1370 1
11 L 0 1638 1
11 L 3 278 1
11 L 3 641 1
11 L 3 1006 1
11 L 3 1597 1
11 L 3 1918 1
11 L 3 1995 1
11 L 15 560 1
11 L 15 673 1
11 L 15 693 1
11 L 15 855 1
11 L 15 1641 1
11 L 11 107 1
11 L 11 432 1
11 L 11 865 1
11 L 11 1313 1
11 L 4 1471 1
11 L 11 1525 1
11 L 8 219 1
11 L 8 277 1
11 L 8 639 1
11 L 8 764 1
11 L 8 1794 1
11 L 15 41 1
11 L 15 529 1
11 L 15 735 1
11 L 15 996 1
11 L 15 1704 1
11 L 0 66 1
11 L 0 500 1
11 L 0 730 1
11 L 0 850 1
11 L 0 1075 1
11 L 0 1178 1
11 L 0 1334 1
11 L 0 1513 1
11 L 4 83 1
11 L 15 118 1
11 L 4 477 1
11 L 4 834 1
11 L 4 899 1
11 L 15 1410 1
11 L 4 1482 1
11 L 0 49 1
11 L 5 1257 1
11 L 0 1265 1
11 L 0 1482 1
11 L 0 1580 1
11 L 8 356 1
11 L 8 646 1
11 L 1 1033 1
11 L 8 1482 1
11 L 8 1717 1
11 L 8 1968 1
11 L 1 973 1
11 L 14 1004 1
11 L 1 1145 1
11 L 1 1452 1
11 L 1 1508 1
11 L 4 688 1
11 L 4 741 1
11 L 4 1073 1
11 L 4 1078 1
11 L 4 1267 1
11 L 4 1555 1
11 L 7 1632 1
11 L 11 325 1
11 L 4 801 1
11 L 4 1019 1
11 L 11 1286 1
11 L 11 1559 1
11 L 4 1618 1
11 L 11 1889 1
11 L 13 330 1
11 L 15 834 1
11 L 15 1147 1
11 L 15 1148 1
11 L 15 1436 1
11 L 15 1593 1
11 L 4 184 1
11 L 11 204 1
11 L 4 726 1
11 L 4 775 1
11 L 4 1164 1
11 L 4 1383 1
11 L 4 1554 1
11 L 4 1769 1
11 L 15 316 1
11 L 3 567 1
11 L 15 696 1
11 L 15 1540 1
11 L 15 1690 1
11 L 15 1753 1
11 L 3 1915 1
11 L 15 420 1
11 L 15 691 1
11 L 15 1785 1
11 L 15 1803 1
11 L 15 1889 1
11 L 15 1925 1
11 L 15 283 1
11 L 15 463 1
11 L 15 477 1
11 L 3 674 1
11 L 15 732 1
11 L 15 783 1
11 L 15 901 1
11 L 15 935 1
11 L 3 1558 1
11 L 0 334 1
11 L 0 613 1
11 L 0 843 1
11 L 0 859 1
11 L 0 1406 1
11 L 0 1480 1
11 L 0 401 1
11 L 0 650 1
11 L 0 779 1
11 L 0 931 1
11 L 0 1476 1
11 L 0 1589 1
11 L 1 1837 1
11 L 0 1853 1
11 L 11 2 1
11 L 11 384 1
11 L 10 805 1
11 L 11 1010 1
11 L 10 1266 1
11 L 11 1285 1
11 L 11 1802 1
11 L 0 250 1
11 L 0 455 1
11 L 0 739 1
11 L 0 788 1
11 L 0 816 1
11 L 0 1062 1
11 L 0 1185 1
11 L 0 616 1
11 L 0 697 1
11 L 1 1723 1
11 L 1 1901 1
11 L 1 1902 1
11 L 9 2 1
11 L 9 309 1
11 L 9 1227 1
11 L 9 1243 1
11 L 3 1400 1
11 L 9 1541 1
11 L 4 327 1
11 L 4 350 1
11 L 4 420 1
11 L 4 468 1
11 L 4 789 1
11 L 4 793 1
11 L 4 910 1
11 L 4 1221 1
11 L 8 41 1
11 L 8 121 1
11 L 8 391 1
11 L 8 501 1
11 L 3 683 1
11 L 8 1270 1
11 L 8 1887 1
11 L 8 1916 1
11 L 1 220 1
11 L 14 884 1
11 L 4 968 1
11 L 1 1852 1
11 L 1 1861 1
11 L 1 1892 1
11 L 1 68 1
11 L 5 187 1
11 L 1 594 1
11 L 1 673 1
11 L 1 1459 1
11 L 1 1699 1
11 L 1 1923 1
11 L 5 1939 1
11 L 9 51 1
11 L 9 59 1
11 L 8 71 1
11 L 9 239 1
11 L 8 1475 1
11 L 8 1986 1
11 L 14 406 1
11 L 14 618 1
11 L 14 688 1
11 L 14 723 1
11 L 14 1034 1
11 L 14 1057 1
11 L 14 1160 1
11 L 14 1496 1
11 L 14 1790 1
11 L 14 1965 1
11 L 8 47 1
11 L 8 338 1
11 L 8 826 1
11 L 8 974 1
11 L 8 1059 1
11 L 8 1149 1
11 L 8 1649 1
11 L 3 1700 1
11 L 8 214 1
11 L 8 727 1
11 L 8 764 1
11 L 8 770 1
11 L 8 1598 1
11 L 8 1641 1
11 L 8 1654 1
11 L 15 616 1
11 L 15 764 1
11 L 15 941 1
11 L 15 1019 1
11 L 15 1251 1
11 L 15 1358 1
11 L 15 1476 1
11 L 7 533 1
11 L 7 560 1
11 L 7 563 1
11 L 7 1173 1
11 L 7 1259 1
11 L 7 1988 1
11 L 4 196 1
11 L 11 648 1
11 L 4 1039 1
11 L 7 1255 1
11 L 7 1285 1
11 L 4 1831 1
11 L 4 1842 1
11 L 4 154 1
11 L 4 447 1
11 L 4 658 1
11 L 4 905 1
11 L 4 922 1
11 L 4 1002 1
11 L 4 1350 1
11 L 4 1451 1
11 L 15 1922 1
11 L 4 19 1
11 L 4 314 1
11 L 4 522 1
11 L 4 898 1
11 L 4 1380 1
11 L 4 1547 1
11 L 15 1578 1
11 L 4 262 1
11 L 4 380 1
11 L 0 1008 1
11 L 4 1146 1
11 L 4 1548 1
11 L 4 1754 1
11 L 4 1833 1
11 L 1 73 1
11 L 1 415 1
11 L 1 483 1
11 L 0 704 1
11 L 1 1078 1
11 L 1 1222 1
11 L 1 1316 1
11 L 5 1724 1
11 L 7 90 1
11 L 4 401 1
11 L 7 1555 1
11 L 4 1622 1
11 L 7 1759 1
11 L 4 1830 1
11 L 7 113 1
11 L 7 749 1
11 L 7 1034 1
11 L 13 1319 1
11 L 7 1455 1
11 L 7 1480 1
11 L 7 1550 1
11 L 7 1563 1
11 L 7 1569 1
11 L 13 1742 1
11 L 15 76 1
11 L 15 116 1
11 L 3 185 1
11 L 15 194 1
11 L 15 434 1
11 L 15 710 1
11 L 15 1173 1
11 L 15 1440 1
11 L 15 1772 1
11 L 15 621 1
11 L 15 794 1
11 L 15 1058 1
11 L 15 1163 1
11 L 15 1405 1
11 L 15 1443 1
11 L 15 1728 1
11 L 1 301 1
11 L 1 624 1
11 L 1 777 1
11 L 1 829 1
11 L 1 1217 1
11 L 1 1592 1
11 L 1 1956 1
11 L 12 110 1
11 L 12 1199 1
11 L 12 1526 1
11 L 12 1527 1
11 L 12 1871 1
11 L 12 1909 1
11 L 4 388 1
11 L 4 469 1
11 L 4 1104 1
11 L 4 1453 1
11 L 4 1567 1
11 L 4 1651 1
11 L 11 55 1
11 L 11 79 1
11 L 11 164 1
11 L 11 298 1
11 L 11 537 1
11 L 11 1731 1
11 L 4 96 1
11 L 4 251 1
11 L 0 280 1
11 L 4 422 1
11 L 4 917 1
11 L 4 1910 1
11 L 0 983 1
11 L 0 1473 1
11 L 0 1691 1
11 L 0 1745 1
11 L 0 1854 1
11 L 0 1924 1
11 L 4 727 1
11 L 4 927 1
11 L 4 1091 1
11 L 4 1484 1
11 L 11 1538 1
11 L 4 1608 1
11 L 4 1843 1
11 L 4 1885 1
11 L 13 643 1
11 L 13 727 1
11 L 13 788 1
11 L 13 1375 1
11 L 13 1804 1
11 L 13 1807 1
11 L 4 296 1
11 L 0 304 1
11 L 4 379 1
11 L 4 433 1
11 L 4 916 1
11 L 4 1137 1
11 L 4 1180 1
11 L 7 338 1
11 L 7 922 1
11 L 7 1087 1
11 L 7 1142 1
11 L 7 1270 1
11 L 7 1453 1
11 L 7 1580 1
11 L 4 535 1
11 L 4 830 1
11 L 0 1601 1
11 L 4 1646 1
11 L 4 1680 1
11 L 4 1747 1
11 L 4 1825 1
11 L 4 567 1
11 L 4 656 1
11 L 11 899 1
11 L 4 1240 1
11 L 4 1476 1
11 L 4 1651 1
11 L 4 1891 1
11 L 1 15 1
11 L 14 85 1
11 L 1 335 1
11 L 1 736 1
11 L 1 1476 1
11 L 1 1736 1
11 L 0 432 1
11 L 0 471 1
11 L 0 922 1
11 L 0 1023 1
11 L 0 1331 1
11 L 1 1470 1
11 L 7 5 1
11 L 7 105 1
11 L 7 398 1
11 L 7 967 1
11 L 7 1021 1
11 L 7 1488 1
11 L 7 1569 1
11 L 7 1683 1
11 L 7 1746 1
11 L 10 119 1
11 L 10 719 1
11 L 0 720 1
11 L 10 1257 1
11 L 10 1629 1
11 L 5 1725 1
11 L 10 1754 1
11 L 4 312 1
11 L 4 334 1
11 L 4 607 1
11 L 4 890 1
11 L 0 1091 1
11 L 4 1704 1
11 L 0 490 1
11 L 0 610 1
11 L 0 756 1
11 L 0 857 1
11 L 0 919 1
11 L 0 1220 1
11 L 0 1559 1
11 L 0 1903 1
11 L 8 548 1
11 L 8 795 1
11 L 6 824 1
11 L 8 917 1
11 L 8 1037 1
11 L 8 1219 1
11 L 15 481 1
11 L 13 642 1
11 L 15 1097 1
11 L 15 1217 1
11 L 15 1227 1
11 L 15 1759 1
11 L 15 1883 1
11 L 15 1919 1
11 L 14 63 1
11 L 14 505 1
11 L 14 660 1
11 L 14 789 1
11 L 14 1486 1
11 L 14 1741 1
11 L 14 1886 1
11 L 14 1910 1
11 L 0 28 1
11 L 0 57 1
11 L 0 360 1
11 L 0 382 1
11 L 0 383 1
11 L 0 900 1
11 L 0 1062 1
11 L 0 1251 1
11 L 0 1607 1
11 L 11 19 1
11 L 11 971 1
11 L 11 1382 1
11 L 11 1488 1
11 L 11 1617 1
11 L 11 1718 1
11 L 11 1981 1
11 L 4 29 1
11 L 4 481 1
11 L 4 573 1
11 L 4 727 1
11 L 4 809 1
11 L 4 890 1
11 L 4 1267 1
11 L 0 775 1
11 L 0 965 1
11 L 0 984 1
11 L 0 1285 1
11 L 0 1818 1
11 L 0 1835 1
11 L 0 1986 1
11 L 3 92 1
11 L 15 521 1
11 L 4 612 1
11 L 4 1371 1
11 L 4 1449 1
11 L 4 1508 1
11 L 4 1617 1
11 L 15 1879 1
11 L 4 136 1
11 L 0 189 1
11 L 0 386 1
11 L 0 952 1
11 L 0 1234 1
11 L 0 1243 1
11 L 0 1246 1
11 L 10 1889 1
11 L 15 625 1
11 L 15 730 1
11 L 3 815 1
11 L 15 1496 1
11 L 3 1640 1
11 L 15 1715 1
11 L 15 1833 1
11 L 15 1857 1
11 L 15 1896 1
11 L 3 427 1
11 L 3 528 1
11 L 3 1792 1
11 L 3 1863 1
11 L 3 1903 1
11 L 5 372 1
11 L 0 597 1
11 L 0 985 1
11 L 0 1048 1
11 L 0 1088 1
11 L 0 1372 1
11 L 0 1554 1
11 L 0 1604 1
11 L 0 1618 1
11 L 15 40 1
11 L 9 820 1
11 L 15 841 1
11 L 15 1032 1
11 L 15 1277 1
11 L 9 1385 1
11 L 15 1482 1
11 L 15 1715 1
11 L 15 1964 1
11 L 9 459 1
11 L 9 694 1
11 L 9 1243 1
11 L 8 1510 1
11 L 8 1615 1
11 L 9 1747 1
11 L 7 64 1
11 L 7 147 1
11 L 7 790 1
11 L 7 832 1
11 L 7 946 1
11 L 7 1159 1
11 L 7 1999 1
11 L 0 460 1
11 L 0 877 1
11 L 0 916 1
11 L 0 1091 1
11 L 5 1512 1
11 L 0 1541 1
11 L 0 1643 1
11 L 4 1691 1
11 L 0 1790 1
11 L 0 19 1
11 L 0 646 1
11 L 0 809 1
11 L 0 846 1
11 L 0 1312 1
11 L 14 1386 1
11 L 10 154 1
11 L 10 691 1
11 L 10 797 1
11 L 10 877 1
11 L 10 998 1
11 L 10 1185 1
11 L 10 1831 1
11 L 10 1911 1
11 L 8 104 1
11 L 8 359 1
11 L 8 382 1
11 L 8 434 1
11 L 8 478 1
11 L 3 698 1
11 L 8 765 1
11 L 8 1368 1
11 L 8 1715 1
11 L 8 1792 1
11 L 15 167 1
11 L 15 1002 1
11 L 15 1082 1
11 L 15 1098 1
11 L 15 1215 1
11 L 15 1233 1
11 L 15 1527 1
11 L 0 151 1
11 L 0 749 1
11 L 0 782 1
11 L 0 832 1
11 L 0 971 1
11 L 0 1459 1
11 L 0 1719 1
11 L 12 896 1
11 L 12 1474 1
11 L 12 1646 1
11 L 15 1732 1
11 L 12 1779 1
11 L 12 1910 1
11 L 11 99 1
11 L 7 524 1
11 L 11 647 1
11 L 11 762 1
11 L 11 929 1
11 L 11 1062 1
11 L 15 26 1
11 L 15 375 1
11 L 15 552 1
11 L 15 560 1
11 L 15 1407 1
11 L 15 1773 1
11 L 15 1803 1
11 L 4 263 1
11 L 0 487 1
11 L 0 656 1
11 L 0 967 1
11 L 0 1039 1
11 L 0 1782 1
11 L 0 1999 1
11 L 6 1 1
11 L 14 102 1
11 L 14 183 1
11 L 14 937 1
11 L 14 1027 1
11 L 14 1054 1
11 L 14 1186 1
11 L 14 1803 1
11 L 8 28 1
11 L 8 102 1
11 L 8 261 1
11 L 8 601 1
11 L 8 634 1
11 L 8 1214 1
11 L 8 1526 1
11 L 9 1669 1
11 L 8 1817 1
11 L 8 1924 1
11 L 11 380 1
11 L 4 442 1
11 L 4 454 1
11 L 4 688 1
11 L 4 985 1
11 L 4 1328 1
11 L 4 1427 1
11 L 4 1482 1
11 L 4 1611 1
11 L 15 235 1
11 L 15 324 1
11 L 15 427 1
11 L 15 708 1
11 L 3 956 1
11 L 15 1139 1
11 L 15 1503 1
11 L 15 1548 1
11 L 3 1970 1
11 L 8 785 1
11 L 8 809 1
11 L 8 863 1
11 L 8 885 1
11 L 8 1022 1
11 L 8 1674 1
11 L 8 1845 1
11 L 4 99 1
11 L 5 351 1
11 L 4 930 1
11 L 11 1272 1
11 L 4 1371 1
11 L 9 486 1
11 L 8 563 1
11 L 8 575 1
11 L 8 815 1
11 L 8 1208 1
11 L 8 1345 1
11 L 8 1491 1
11 L 9 1899 1
11 L 6 97 1
11 L 6 711 1
11 L 6 927 1
11 L 6 996 1
11 L 6 1068 1
11 L 6 1230 1
11 L 6 1873 1
11 L 8 15 1
11 L 8 474 1
11 L 8 1158 1
11 L 9 1261 1
11 L 8 1490 1
11 L 8 1561 1
11 L 8 1874 1
11 L 0 161 1
11 L 0 278 1
11 L 0 297 1
11 L 0 501 1
11 L 0 713 1
11 L 0 1040 1
11 L 0 1131 1
11 L 0 1490 1
11 L 0 1613 1
11 L 3 51 1
11 L 9 655 1
11 L 8 679 1
11 L 8 833 1
11 L 8 937 1
11 L 8 1135 1
11 L 8 1278 1
11 L 9 1373 1
11 L 8 1420 1
11 L 8 1530 1
11 L 11 188 1
11 L 4 792 1
11 L 0 857 1
11 L 0 929 1
11 L 0 929 1
11 L 0 1342 1
11 L 5 1452 1
11 L 0 1578 1
11 L 0 1937 1
11 L 15 354 1
11 L 15 399 1
11 L 15 446 1
11 L 15 583 1
11 L 15 772 1
11 L 15 950 1
11 L 15 1025 1
11 L 15 1183 1
11 L 15 1289 1
11 L 15 1339 1
11 L 15 1414 1
11 L 15 1583 1
11 L 0 82 1
11 L 0 243 1
11 L 0 270 1
11 L 0 468 1
11 L 0 871 1
11 L 0 1355 1
11 L 0 1690 1
11 L 0 1911 1
11 L 4 122 1
11 L 4 139 1
11 L 4 347 1
11 L 4 537 1
11 L 7 949 1
11 L 4 1619 1
11 L 7 1809 1
11 L 4 1820 1
11 L 8 8 1
11 L 8 96 1
11 L 8 520 1
11 L 8 823 1
11 L 8 841 1
11 L 8 907 1
11 L 8 1029 1
11 L 8 1223 1
11 L 1 1255 1
11 L 8 1658 1
11 L 8 1738 1
11 L 4 32 1
11 L 4 214 1
11 L 4 602 1
11 L 4 1120 1
11 L 4 1569 1
11 L 4 1690 1
11 L 4 1952 1
11 L 4 104 1
11 L 4 153 1
11 L 4 286 1
11 L 11 356 1
11 L 4 1009 1
11 L 4 1097 1
11 L 4 1645 1
11 L 4 1988 1
11 L 8 443 1
11 L 8 994 1
11 L 8 1034 1
11 L 8 1043 1
11 L 8 1175 1
11 L 8 1414 1
11 L 8 1463 1
11 L 8 1496 1
11 L 8 1698 1
11 L 6 1888 1
11 L 8 1927 1
11 L 6 1967 1
11 L 15 172 1
11 L 15 1214 1
11 L 3 1306 1
11 L 15 1402 1
11 L 15 1458 1
11 L 15 1480 1
11 L 15 1641 1
11 L 15 1899 1
11 L 4 377 1
11 L 4 914 1
11 L 4 1030 1
11 L 7 1041 1
11 L 7 1672 1
11 L 4 1673 1
11 L 4 1831 1
11 L 8 216 1
11 L 14 361 1
11 L 8 431 1
11 L 8 535 1
11 L 8 658 1
11 L 8 823 1
11 L 8 835 1
11 L 6 943 1
11 L 6 1494 1
11 L 7 51 1
11 L 7 145 1
11 L 7 404 1
11 L 7 733 1
11 L 7 1054 1
11 L 7 1147 1
11 L 7 1173 1
11 L 7 1611 1
11 L 7 1867 1
11 L 7 1994 1
11 L 5 231 1
11 L 1 481 1
11 L 1 775 1
11 L 1 856 1
11 L 1 1023 1
11 L 1 1239 1
11 L 1 1324 1
11 L 1 1338 1
11 L 1 1444 1
11 L 5 1943 1
11 L 7 196 1
11 L 4 676 1
11 L 11 1056 1
11 L 11 1371 1
11 L 4 1457 1
11 L 11 1546 1
11 L 4 1843 1
11 L 11 1952 1
11 L 4 1986 1
11 L 0 68 1
11 L 0 109 1
11 L 0 151 1
11 L 0 477 1
11 L 5 490 1
11 L 0 601 1
11 L 0 780 1
11 L 0 959 1
11 L 0 1048 1
11 L 0 1265 1
11 L 0 1580 1
11 L 1 54 1
11 L 1 205 1
11 L 1 920 1
11 L 1 935 1
11 L 1 1063 1
11 L 1 1246 1
11 L 1 1443 1
11 L 8 159 1
11 L 8 382 1
11 L 8 1079 1
11 L 8 1259 1
11 L 14 1375 1
11 L 8 1479 1
11 L 8 1547 1
11 L 3 1797 1
11 L 8 1864 1
11 L 8 1868 1
11 L 0 757 1
11 L 0 840 1
11 L 0 963 1
11 L 0 1300 1
11 L 0 1794 1
11 L 0 1874 1
11 L 0 1951 1
11 L 11 417 1
11 L 4 499 1
11 L 4 500 1
11 L 4 597 1
11 L 4 904 1
11 L 4 1048 1
11 L 11 1057 1
11 L 4 1258 1
11 L 4 1411 1
11 L 4 1899 1
11 L 1 30 1
11 L 1 539 1
11 L 1 786 1
11 L 1 1005 1
11 L 1 1338 1
11 L 1 1393 1
11 L 1 1461 1
11 L 1 1867 1
11 L 0 122 1
11 L 4 198 1
11 L 4 963 1
11 L 0 1082 1
11 L 0 1287 1
11 L 0 1538 1
11 L 0 1538 1
11 L 0 1714 1
11 L 0 1747 1
11 L 4 19 1
11 L 7 624 1
11 L 4 761 1
11 L 4 1488 1
11 L 4 1504 1
11 L 4 1634 1
11 L 15 58 1
11 L 3 83 1
11 L 15 337 1
11 L 3 666 1
11 L 15 861 1
11 L 15 899 1
11 L 15 907 1
11 L 15 1101 1
11 L 15 1227 1
11 L 15 1322 1
11 L 15 1956 1
11 L 0 218 1
11 L 0 256 1
11 L 0 312 1
11 L 0 964 1
11 L 0 1214 1
11 L 4 1301 1
11 L 0 1441 1
11 L 0 1535 1
11 L 0 1936 1
11 L 8 43 1
11 L 8 68 1
11 L 8 988 1
11 L 8 1054 1
11 L 8 1147 1
11 L 8 1356 1
11 L 8 1548 1
11 L 8 1639 1
11 L 12 469 1
11 L 12 834 1
11 L 12 861 1
11 L 12 863 1
11 L 12 1072 1
11 L 11 1767 1
11 L 12 1926 1
11 L 1 157 1
11 L 0 406 1
11 L 1 801 1
11 L 1 919 1
11 L 1 1464 1
11 L 1 1677 1
11 L 1 1754 1
11 L 1 1836 1
11 L 1 1853 1
11 L 8 253 1
11 L 9 324 1
11 L 8 422 1
11 L 9 489 1
11 L 8 796 1
11 L 8 917 1
11 L 8 1830 1
11 L 8 1901 1
11 L 4 242 1
11 L 4 765 1
11 L 4 1067 1
11 L 11 1275 1
11 L 4 1447 1
11 L 4 1486 1
11 L 11 1503 1
11 L 4 1777 1
11 L 5 36 1
11 L 0 537 1
11 L 0 1222 1
11 L 4 1356 1
11 L 0 1704 1
11 L 0 1936 1
11 L 0 525 1
11 L 0 567 1
11 L 0 720 1
11 L 0 777 1
11 L 0 1217 1
11 L 0 1748 1
11 L 0 1973 1
11 L 11 220 1
11 L 11 278 1
11 L 11 364 1
11 L 11 411 1
11 L 11 411 1
11 L 11 548 1
11 L 11 1451 1
11 L 11 1601 1
11 L 11 1825 1
11 L 7 439 1
11 L 4 446 1
11 L 4 534 1
11 L 4 876 1
11 L 4 1024 1
11 L 4 1279 1
11 L 4 1309 1
11 L 4 1441 1
11 L 4 1484 1
11 L 4 1488 1
11 L 4 1554 1
11 L 4 1888 1
11 L 4 1898 1
11 L 14 308 1
11 L 14 591 1
11 L 14 680 1
11 L 14 769 1
11 L 14 786 1
11 L 14 857 1
11 L 14 885 1
11 L 1 989 1
11 L 14 1488 1
11 L 14 1537 1
11 L 14 1594 1
11 L 14 1820 1
11 L 8 26 1
11 L 8 38 1
11 L 9 118 1
11 L 8 403 1
11 L 9 635 1
11 L 8 841 1
11 L 8 855 1
11 L 8 926 1
11 L 8 1810 1
11 L 1 125 1
11 L 1 129 1
11 L 14 249 1
11 L 1 420 1
11 L 1 508 1
11 L 1 1307 1
11 L 1 1326 1
11 L 1 1739 1
11 L 1 1855 1
11 L 1 1908 1
11 L 1 1978 1
11 L 15 86 1
11 L 15 171 1
11 L 15 501 1
11 L 15 960 1
11 L 15 1012 1
11 L 15 1016 1
11 L 15 1060 1
11 L 15 1132 1
11 L 15 1186 1
11 L 15 1919 1
11 L 15 1981 1
11 L 7 624 1
11 L 7 717 1
11 L 7 1005 1
11 L 7 1045 1
11 L 7 1266 1
11 L 7 1345 1
11 L 7 1553 1
11 L 7 1659 1
11 L 7 1757 1
11 L 7 115 1
11 L 7 299 1
11 L 4 395 1
11 L 7 621 1
11 L 7 651 1
11 L 7 1184 1
11 L 7 1452 1
11 L 7 1617 1
11 L 7 1708 1
11 L 7 1740 1
11 L 7 1766 1
11 L 8 38 1
11 L 9 259 1
11 L 8 371 1
11 L 8 563 1
11 L 8 1106 1
11 L 8 1699 1
11 L 8 1762 1
11 L 8 1800 1
11 L 4 220 1
11 L 4 437 1
11 L 4 1084 1
11 L 4 1447 1
11 L 4 1457 1
11 L 4 1649 1
11 L 4 1804 1
11 L 4 1871 1
11 L 11 321 1
11 L 0 537 1
11 L 0 707 1
11 L 5 979 1
11 L 0 1153 1
11 L 0 1283 1
11 L 0 1311 1
11 L 0 1924 1
11 L 0 1971 1
11 L 0 299 1
11 L 0 312 1
11 L 0 911 1
11 L 0 1043 1
11 L 0 1045 1
11 L 0 1196 1
11 L 0 1533 1
11 L 0 1634 1
11 L 0 1640 1
11 L 7 246 1
11 L 15 364 1
11 L 15 517 1
11 L 15 658 1
11 L 15 801 1
11 L 15 1104 1
11 L 3 1558 1
11 L 15 1741 1
11 L 15 1882 1
11 L 15 1941 1
11 L 15 1958 1
11 L 11 90 1
11 L 4 114 1
11 L 4 136 1
11 L 11 276 1
11 L 4 799 1
11 L 4 892 1
11 L 4 1072 1
11 L 4 1241 1
11 L 11 1759 1
11 L 4 1909 1
11 L 14 26 1
11 L 14 334 1
11 L 14 375 1
11 L 14 491 1
11 L 14 690 1
11 L 14 907 1
11 L 14 916 1
11 L 14 937 1
11 L 14 1070 1
11 L 14 1173 1
11 L 14 1593 1
11 L 4 170 1
11 L 4 232 1
11 L 4 967 1
11 L 4 1059 1
11 L 4 1086 1
11 L 4 1131 1
11 L 4 1280 1
11 L 4 1664 1
11 L 4 1713 1
11 L 11 1881 1
11 L 4 1896 1
11 L 8 48 1
11 L 8 50 1
11 L 8 344 1
11 L 8 470 1
11 L 8 704 1
11 L 8 787 1
11 L 8 985 1
11 L 8 1172 1
11 L 8 1347 1
11 L 8 1875 1
11 L 11 745 1
11 L 10 913 1
11 L 11 1020 1
11 L 11 1214 1
11 L 11 1792 1
11 L 11 1966 1
11 L 4 31 1
11 L 4 127 1
11 L 4 220 1
11 L 4 486 1
11 L 4 644 1
11 L 4 1062 1
11 L 4 1793 1
11 L 4 1883 1
11 L 11 490 1
11 L 11 560 1
11 L 11 767 1
11 L 4 858 1
11 L 11 985 1
11 L 11 1342 1
11 L 11 1526 1
11 L 11 1901 1
11 L 11 1951 1
11 L 4 133 1
11 L 7 417 1
11 L 4 843 1
11 L 7 950 1
11 L 4 1501 1
11 L 4 1587 1
11 L 7 1680 1
11 L 4 1802 1
11 L 4 154 1
11 L 4 284 1
11 L 4 720 1
11 L 4 859 1
11 L 4 1180 1
11 L 4 1396 1
11 L 0 1433 1
11 L 0 1590 1
11 L 4 1956 1
11 L 4 61 1
11 L 4 147 1
11 L 4 243 1
11 L 4 350 1
11 L 4 753 1
11 L 4 781 1
11 L 4 1087 1
11 L 4 1449 1
11 L 4 1633 1
11 L 4 1810 1
11 L 4 1965 1
11 L 4 178 1
11 L 7 252 1
11 L 7 338 1
11 L 7 374 1
11 L 7 675 1
11 L 7 739 1
11 L 7 1029 1
11 L 7 1092 1
11 L 7 1156 1
11 L 7 1842 1
11 L 4 474 1
11 L 0 789 1
11 L 4 877 1
11 L 4 958 1
11 L 4 1350 1
11 L 4 1540 1
11 L 4 1703 1
11 L 4 1769 1
11 L 4 1871 1
11 L 4 1905 1
11 L 4 42 1
11 L 4 220 1
11 L 4 446 1
11 L 4 598 1
11 L 4 614 1
11 L 4 691 1
11 L 4 1047 1
11 L 4 1079 1
11 L 4 1084 1
11 L 4 1728 1
11 L 8 25 1
11 L 8 610 1
11 L 8 802 1
11 L 14 915 1
11 L 8 935 1
11 L 8 1123 1
11 L 8 1544 1
11 L 14 1720 1
11 L 8 1800 1
11 L 8 1870 1
11 L 10 8 1
11 L 10 35 1
11 L 4 599 1
11 L 11 720 1
11 L 10 1092 1
11 L 10 1329 1
11 L 10 1803 1
11 L 10 1860 1
11 L 10 1873 1
11 L 8 299 1
11 L 8 634 1
11 L 8 914 1
11 L 8 979 1
11 L 8 1089 1
11 L 8 1357 1
11 L 8 1457 1
11 L 8 1534 1
11 L 0 346 1
11 L 0 475 1
11 L 0 783 1
11 L 0 1142 1
11 L 0 1345 1
11 L 5 1421 1
11 L 0 1482 1
11 L 0 1486 1
11 L 0 1780 1
11 L 8 327 1
11 L 8 401 1
11 L 8 654 1
11 L 8 658 1
11 L 9 681 1
11 L 8 794 1
11 L 8 856 1
11 L 6 923 1
11 L 9 1387 1
11 L 8 1556 1
11 L 8 1956 1
11 L 7 95 1
11 L 7 435 1
11 L 7 474 1
11 L 7 1383 1
11 L 7 1386 1
11 L 7 1584 1
11 L 7 1595 1
11 L 7 1727 1
11 L 4 31 1
11 L 4 251 1
11 L 4 431 1
11 L 4 490 1
11 L 4 694 1
11 L 0 848 1
11 L 4 1013 1
11 L 0 1125 1
11 L 4 1195 1
11 L 4 1243 1
11 L 4 1311 1
11 L 11 1706 1
11 L 4 242 1
11 L 4 616 1
11 L 4 942 1
11 L 4 1049 1
11 L 4 1080 1
11 L 4 1139 1
11 L 4 1228 1
11 L 4 1290 1
11 L 3 1319 1
11 L 15 1713 1
11 L 1 610 1
11 L 14 666 1
11 L 14 693 1
11 L 14 911 1
11 L 14 1204 1
11 L 1 1424 1
11 L 14 1433 1
11 L 14 1634 1
11 L 14 1887 1
11 L 1 572 1
11 L 1 723 1
11 L 1 836 1
11 L 1 1233 1
11 L 1 1246 1
11 L 1 1328 1
11 L 1 1559 1
11 L 8 81 1
11 L 8 163 1
11 L 8 220 1
11 L 8 321 1
11 L 8 782 1
11 L 8 811 1
11 L 8 920 1
11 L 8 1817 1
11 L 9 1828 1
11 L 4 270 1
11 L 4 367 1
11 L 4 432 1
11 L 4 534 1
11 L 11 1006 1
11 L 4 1023 1
11 L 4 1024 1
11 L 4 1290 1
11 L 4 1338 1
11 L 4 1774 1
11 L 3 68 1
11 L 13 170 1
11 L 9 298 1
11 L 3 459 1
11 L 3 905 1
11 L 3 919 1
11 L 3 976 1
11 L 3 1101 1
11 L 3 1514 1
11 L 3 1665 1
11 L 1 19 1
11 L 1 237 1
11 L 1 280 1
11 L 1 326 1
11 L 1 355 1
11 L 1 788 1
11 L 1 834 1
11 L 1 1258 1
11 L 1 1487 1
11 L 14 86 1
11 L 1 158 1
11 L 14 439 1
11 L 14 594 1
11 L 14 645 1
11 L 14 891 1
11 L 14 919 1
11 L 14 975 1
11 L 14 1020 1
11 L 14 1527 1
11 L 14 1590 1
11 L 6 90 1
11 L 14 681 1
11 L 6 734 1
11 L 6 1224 1
11 L 8 1322 1
11 L 6 1595 1
11 L 6 1631 1
11 L 6 1652 1
11 L 0 166 1
11 L 5 536 1
11 L 0 826 1
11 L 0 1078 1
11 L 5 1083 1
11 L 0 1488 1
11 L 14 1493 1
11 L 0 1586 1
11 L 0 1771 1
11 L 6 300 1
11 L 6 360 1
11 L 14 682 1
11 L 6 719 1
11 L 6 1012 1
11 L 6 1200 1
11 L 6 1316 1
11 L 6 1337 1
11 L 6 1698 1
11 L 1 1735 1
11 L 4 235 1
11 L 4 252 1
11 L 4 284 1
11 L 4 512 1
11 L 4 549 1
11 L 7 890 1
11 L 4 920 1
11 L 4 1002 1
11 L 4 1115 1
11 L 4 1327 1
11 L 4 1347 1
11 L 4 1423 1
11 L 7 1836 1
11 L 4 216 1
11 L 4 371 1
11 L 4 441 1
11 L 0 494 1
11 L 4 509 1
11 L 4 834 1
11 L 4 862 1
11 L 4 1133 1
11 L 4 1151 1
11 L 1 1778 1
11 L 14 124 1
11 L 14 248 1
11 L 14 251 1
11 L 14 541 1
11 L 14 597 1
11 L 14 712 1
11 L 14 1264 1
11 L 14 1337 1
11 L 14 1502 1
11 L 8 1516 1
11 L 14 1563 1
11 L 14 1593 1
11 L 14 1843 1
11 L 9 277 1
11 L 9 384 1
11 L 9 392 1
11 L 9 534 1
11 L 9 841 1
11 L 9 922 1
11 L 9 1292 1
11 L 9 1309 1
11 L 9 1489 1
11 L 9 1764 1
11 L 3 136 1
11 L 3 172 1
11 L 3 442 1
11 L 3 484 1
11 L 3 484 1
11 L 3 622 1
11 L 3 675 1
11 L 3 904 1
11 L 3 994 1
11 L 3 1673 1
11 L 0 437 1
11 L 0 479 1
11 L 0 690 1
11 L 0 787 1
11 L 0 996 1
11 L 0 1395 1
11 L 0 1645 1
11 L 5 1803 1
11 L 1 105 1
11 L 1 290 1
11 L 1 350 1
11 L 1 369 1
11 L 1 1111 1
11 L 1 1129 1
11 L 1 1297 1
11 L 1 1378 1
11 L 1 1496 1
11 L 1 1598 1
11 L 0 1838 1
11 L 1 1856 1
11 L 4 129 1
11 L 4 535 1
11 L 4 651 1
11 L 4 1307 1
11 L 11 1314 1
11 L 4 1637 1
11 L 0 1925 1
11 L 4 1995 1
11 L 1 360 1
11 L 1 397 1
11 L 1 404 1
11 L 1 484 1
11 L 1 737 1
11 L 1 1166 1
11 L 1 1269 1
11 L 0 1384 1
11 L 1 1462 1
11 L 1 1569 1
11 L 5 8 1
11 L 0 396 1
11 L 0 477 1
11 L 0 716 1
11 L 0 989 1
11 L 0 1172 1
11 L 0 1277 1
11 L 0 1295 1
11 L 11 1412 1
11 L 0 1488 1
11 L 0 1595 1
11 L 0 1822 1
11 L 11 34 1
11 L 11 123 1
11 L 11 395 1
11 L 11 631 1
11 L 11 667 1
11 L 11 772 1
11 L 4 956 1
11 L 11 966 1
11 L 11 1127 1
11 L 11 1290 1
11 L 11 1817 1
11 L 11 1820 1
11 L 0 216 1
11 L 0 684 1
11 L 0 862 1
11 L 0 1091 1
11 L 0 1162 1
11 L 0 1262 1
11 L 0 1435 1
11 L 0 1631 1
11 L 0 1828 1
11 L 4 108 1
11 L 4 203 1
11 L 4 394 1
11 L 4 451 1
11 L 4 525 1
11 L 4 1162 1
11 L 0 1303 1
11 L 0 1666 1
11 L 4 130 1
11 L 11 221 1
11 L 4 638 1
11 L 4 707 1
11 L 4 719 1
11 L 4 1073 1
11 L 4 1157 1
11 L 4 1779 1
11 L 4 1810 1
11 L 4 1967 1
11 L 4 52 1
11 L 0 743 1
11 L 4 851 1
11 L 4 1082 1
11 L 4 1172 1
11 L 4 1651 1
11 L 4 1667 1
11 L 4 1831 1
11 L 4 1954 1
11 L 8 512 1
11 L 8 529 1
11 L 8 823 1
11 L 8 907 1
11 L 8 1234 1
11 L 8 1419 1
11 L 8 1527 1
11 L 8 1653 1
11 L 8 1668 1
11 L 8 1706 1
11 L 8 1816 1
11 L 0 116 1
11 L 0 553 1
11 L 4 861 1
11 L 0 914 1
11 L 0 1163 1
11 L 0 1722 1
11 L 0 1890 1
11 L 0 1909 1
11 L 4 108 1
11 L 4 334 1
11 L 4 869 1
11 L 4 1073 1
11 L 4 1586 1
11 L 4 1677 1
11 L 4 1794 1
11 L 7 1795 1
11 L 15 127 1
11 L 15 194 1
11 L 15 884 1
11 L 15 1033 1
11 L 3 1111 1
11 L 15 1185 1
11 L 15 1579 1
11 L 3 1886 1
11 L 4 107 1
11 L 0 511 1
11 L 4 713 1
11 L 4 1037 1
11 L 4 1351 1
11 L 4 1465 1
11 L 4 1678 1
11 L 1 1839 1
11 L 8 78 1
11 L 14 247 1
11 L 8 283 1
11 L 8 690 1
11 L 8 975 1
11 L 8 1001 1
11 L 8 1331 1
11 L 8 1376 1
11 L 14 1601 1
11 L 8 1731 1
11 L 7 288 1
11 L 4 442 1
11 L 4 537 1
11 L 7 1256 1
11 L 4 1592 1
11 L 7 1621 1
11 L 4 1769 1
11 L 4 1864 1
11 L 4 1961 1
11 L 11 48 1
11 L 5 115 1
11 L 4 623 1
11 L 4 726 1
11 L 4 755 1
11 L 4 1050 1
11 L 4 1236 1
11 L 0 1410 1
11 L 4 1415 1
11 L 4 1420 1
11 L 11 1524 1
11 L 2 382 1
11 L 2 557 1
11 L 2 648 1
11 L 2 807 1
11 L 2 822 1
11 L 2 1099 1
11 L 2 1545 1
11 L 2 1547 1
11 L 1 153 1
11 L 1 396 1
11 L 1 453 1
11 L 1 649 1
11 L 1 722 1
11 L 1 994 1
11 L 1 1135 1
11 L 0 1186 1
11 L 1 1475 1
11 L 1 1602 1
11 L 1 1616 1
11 L 14 1655 1
11 L 4 153 1
11 L 4 180 1
11 L 4 283 1
11 L 4 843 1
11 L 4 1137 1
11 L 4 1192 1
11 L 7 1542 1
11 L 4 1619 1
11 L 4 1740 1
11 L 8 167 1
11 L 8 477 1
11 L 9 486 1
11 L 8 808 1
11 L 8 859 1
11 L 8 905 1
11 L 8 1453 1
11 L 8 1782 1
11 L 4 136 1
11 L 4 145 1
11 L 4 168 1
11 L 4 328 1
11 L 4 444 1
11 L 4 597 1
11 L 4 694 1
11 L 4 783 1
11 L 4 941 1
11 L 4 1310 1
11 L 4 1661 1
11 L 0 194 1
11 L 0 374 1
11 L 0 468 1
11 L 0 713 1
11 L 5 880 1
11 L 0 1130 1
11 L 0 1438 1
11 L 0 1958 1
11 L 1 10 1
11 L 1 126 1
11 L 1 241 1
11 L 1 252 1
11 L 1 275 1
11 L 1 350 1
11 L 1 548 1
11 L 1 1420 1
11 L 1 1549 1
11 L 1 1817 1
11 L 1 1860 1
11 L 1 1979 1
11 L 0 35 1
11 L 0 201 1
11 L 0 410 1
11 L 0 468 1
11 L 4 840 1
11 L 0 982 1
11 L 0 1004 1
11 L 11 1105 1
11 L 0 1324 1
11 L 0 1857 1
11 L 0 1901 1
11 L 4 172 1
11 L 7 546 1
11 L 4 621 1
11 L 4 646 1
11 L 4 692 1
11 L 4 875 1
11 L 4 1267 1
11 L 4 1300 1
11 L 7 1529 1
11 L 4 1669 1
11 L 4 1896 1
11 L 15 15 1
11 L 15 214 1
11 L 15 243 1
11 L 15 251 1
11 L 15 446 1
11 L 8 663 1
11 L 15 883 1
11 L 15 995 1
11 L 3 1237 1
11 L 15 1300 1
11 L 15 1589 1
11 L 15 1699 1
11 L 15 1860 1
11 L 1 183 1
11 L 1 370 1
11 L 1 383 1
11 L 1 384 1
11 L 1 1191 1
11 L 1 1280 1
11 L 1 1342 1
11 L 5 1450 1
11 L 1 1506 1
11 L 1 1646 1
11 L 1 1988 1
11 L 4 26 1
11 L 4 152 1
11 L 11 265 1
11 L 11 359 1
11 L 4 558 1
11 L 11 740 1
11 L 11 795 1
11 L 11 865 1
11 L 11 1016 1
11 L 4 1380 1
11 L 11 1541 1
11 L 10 37 1
11 L 10 162 1
11 L 11 180 1
11 L 10 212 1
11 L 10 627 1
11 L 10 1222 1
11 L 10 1270 1
11 L 10 1327 1
11 L 11 1938 1
11 L 8 350 1
11 L 8 456 1
11 L 8 468 1
11 L 8 487 1
11 L 8 901 1
11 L 8 1084 1
11 L 8 1229 1
11 L 8 1508 1
11 L 8 1550 1
11 L 8 1589 1
11 L 8 1628 1
11 L 8 1790 1
11 L 8 1810 1
11 L 10 10 1
11 L 10 261 1
11 L 10 512 1
11 L 10 615 1
11 L 10 810 1
11 L 10 1017 1
11 L 10 1155 1
11 L 10 1270 1
11 L 0 1858 1
11 L 8 383 1
11 L 8 917 1
11 L 6 1182 1
11 L 6 1189 1
11 L 8 1417 1
11 L 0 1656 1
11 L 8 1894 1
11 L 8 1974 1
11 L 11 259 1
11 L 11 360 1
11 L 11 432 1
11 L 4 1196 1
11 L 11 1219 1
11 L 11 1249 1
11 L 4 1384 1
11 L 11 1556 1
11 L 11 1584 1
11 L 11 1799 1
11 L 4 28 1
11 L 4 449 1
11 L 4 488 1
11 L 4 597 1
11 L 4 716 1
11 L 11 837 1
11 L 4 1243 1
11 L 11 1929 1
11 L 4 1936 1
11 L 4 1945 1
11 L 4 94 1
11 L 4 190 1
11 L 4 360 1
11 L 4 375 1
11 L 11 521 1
11 L 4 621 1
11 L 4 1120 1
11 L 4 1202 1
11 L 4 1338 1
11 L 4 1723 1
11 L 11 1880 1
11 L 1 99 1
11 L 1 180 1
11 L 1 218 1
11 L 1 305 1
11 L 0 839 1
11 L 1 917 1
11 L 1 1706 1
11 L 1 1890 1
11 L 3 30 1
11 L 15 32 1
11 L 15 278 1
11 L 4 404 1
11 L 15 905 1
11 L 15 1072 1
11 L 15 1479 1
11 L 15 1523 1
11 L 15 1661 1
11 L 15 1713 1
11 L 8 64 1
11 L 15 269 1
11 L 8 628 1
11 L 8 687 1
11 L 8 859 1
11 L 8 961 1
11 L 8 1369 1
11 L 8 1415 1
11 L 8 1657 1
11 L 8 1727 1
11 L 14 111 1
11 L 14 439 1
11 L 14 880 1
11 L 14 921 1
11 L 5 968 1
11 L 14 1200 1
11 L 14 1549 1
11 L 14 1727 1
11 L 14 1990 1
11 L 1 232 1
11 L 1 283 1
11 L 1 443 1
11 L 1 474 1
11 L 1 1078 1
11 L 0 1255 1
11 L 1 1342 1
11 L 1 1348 1
11 L 1 1464 1
11 L 1 1468 1
11 L 14 184 1
11 L 14 229 1
11 L 14 427 1
11 L 14 774 1
11 L 14 785 1
11 L 14 820 1
11 L 14 877 1
11 L 14 1250 1
11 L 14 1965 1
11 L 7 6 1
11 L 4 59 1
11 L 4 167 1
11 L 4 243 1
11 L 4 382 1
11 L 4 722 1
11 L 4 875 1
11 L 4 922 1
11 L 7 1315 1
